#
# There is insufficient memory for the Java Runtime Environment to continue.
# Native memory allocation (mmap) failed to map 65536 bytes for Failed to commit metaspace.
# Possible reasons:
#   The system is out of physical RAM or swap space
#   The process is running with CompressedOops enabled, and the Java Heap may be blocking the growth of the native heap
# Possible solutions:
#   Reduce memory load on the system
#   Increase physical memory or swap space
#   Check if swap backing store is full
#   Decrease Java heap size (-Xmx/-Xms)
#   Decrease number of Java threads
#   Decrease Java thread stack sizes (-Xss)
#   Set larger code cache with -XX:ReservedCodeCacheSize=
#   JVM is running with Unscaled Compressed Oops mode in which the Java heap is
#     placed in the first 4GB address space. The Java Heap base address is the
#     maximum limit for the native heap growth. Please use -XX:HeapBaseMinAddress
#     to set the Java Heap base and to place the Java Heap above 4GB virtual address.
# This output file may be truncated or incomplete.
#
#  Out of Memory Error (virtualSpaceNode.cpp:110), pid=8232, tid=11680
#
# JRE version: OpenJDK Runtime Environment Temurin-17.0.10+7 (17.0.10+7) (build 17.0.10+7)
# Java VM: OpenJDK 64-Bit Server VM Temurin-17.0.10+7 (17.0.10+7, mixed mode, tiered, compressed oops, compressed class ptrs, parallel gc, windows-amd64)
# No core dump will be written. Minidumps are not enabled by default on client versions of Windows
#

---------------  S U M M A R Y ------------

Command Line: --add-modules=ALL-SYSTEM --add-opens=java.base/java.util=ALL-UNNAMED --add-opens=java.base/java.lang=ALL-UNNAMED --add-opens=java.base/sun.nio.fs=ALL-UNNAMED -Declipse.application=org.eclipse.jdt.ls.core.id1 -Dosgi.bundles.defaultStartLevel=4 -Declipse.product=org.eclipse.jdt.ls.core.product -Djava.import.generatesMetadataFilesAtProjectRoot=false -DDetectVMInstallationsJob.disabled=true -Dfile.encoding=utf8 -XX:+UseParallelGC -XX:GCTimeRatio=4 -XX:AdaptiveSizePolicyWeight=90 -Dsun.zip.disableMemoryMapping=true -Xmx1G -Xms100m -Xlog:disable -javaagent:c:\Users\HYH\.vscode\extensions\redhat.java-1.27.0-win32-x64\lombok\lombok-1.18.31.jar c:\Users\HYH\.vscode\extensions\redhat.java-1.27.0-win32-x64\server\plugins\org.eclipse.equinox.launcher_1.6.700.v20231214-2017.jar -configuration c:\Users\HYH\AppData\Roaming\Code\User\globalStorage\redhat.java\1.27.0\config_ss_win -data c:\Users\HYH\AppData\Roaming\Code\User\workspaceStorage\59a2d48e75f4d897afcf3f5ed67b39ac\redhat.java\ss_ws --stdio

Host: 11th Gen Intel(R) Core(TM) i5-11300H @ 3.10GHz, 8 cores, 15G,  Windows 11 , 64 bit Build 23555 (10.0.23555.1000)
Time: Sat Feb 10 15:59:46 2024  Windows 11 , 64 bit Build 23555 (10.0.23555.1000) elapsed time: 0.151920 seconds (0d 0h 0m 0s)

---------------  T H R E A D  ---------------

Current thread (0x000001cce5a4f230):  JavaThread "main" [_thread_in_vm, id=11680, stack(0x00000071c9c00000,0x00000071c9d00000)]

Stack: [0x00000071c9c00000,0x00000071c9d00000]
Native frames: (J=compiled Java code, j=interpreted, Vv=VM code, C=native code)
V  [jvm.dll+0x67d2c9]
V  [jvm.dll+0x834afa]
V  [jvm.dll+0x8365be]
V  [jvm.dll+0x836c23]
V  [jvm.dll+0x2477ff]
V  [jvm.dll+0x8307bb]
V  [jvm.dll+0x621d16]
V  [jvm.dll+0x621d7a]
V  [jvm.dll+0x6245aa]
V  [jvm.dll+0x6226b6]
V  [jvm.dll+0x24516c]
V  [jvm.dll+0x6d413d]
V  [jvm.dll+0x6d4b7f]
V  [jvm.dll+0x373644]
V  [jvm.dll+0x3734eb]
V  [jvm.dll+0x3726c4]
V  [jvm.dll+0x372668]
V  [jvm.dll+0x38264a]
C  0x000001ccf13fae1b

The last pc belongs to new (printed below).
Java frames: (J=compiled Java code, j=interpreted, Vv=VM code)
j  jdk.internal.loader.URLClassPath.getLoader(Ljava/net/URL;)Ljdk/internal/loader/URLClassPath$Loader;+0 java.base@17.0.10
j  jdk.internal.loader.URLClassPath.getLoader(I)Ljdk/internal/loader/URLClassPath$Loader;+81 java.base@17.0.10
j  jdk.internal.loader.URLClassPath.getResource(Ljava/lang/String;Z)Ljdk/internal/loader/Resource;+42 java.base@17.0.10
j  jdk.internal.loader.BuiltinClassLoader.findClassOnClassPathOrNull(Ljava/lang/String;)Ljava/lang/Class;+26 java.base@17.0.10
j  jdk.internal.loader.BuiltinClassLoader.loadClassOrNull(Ljava/lang/String;Z)Ljava/lang/Class;+111 java.base@17.0.10
j  jdk.internal.loader.BuiltinClassLoader.loadClass(Ljava/lang/String;Z)Ljava/lang/Class;+3 java.base@17.0.10
j  jdk.internal.loader.ClassLoaders$AppClassLoader.loadClass(Ljava/lang/String;Z)Ljava/lang/Class;+36 java.base@17.0.10
j  java.lang.ClassLoader.loadClass(Ljava/lang/String;)Ljava/lang/Class;+3 java.base@17.0.10
j  sun.instrument.InstrumentationImpl.loadClassAndStartAgent(Ljava/lang/String;Ljava/lang/String;Ljava/lang/String;)V+8 java.instrument@17.0.10
j  sun.instrument.InstrumentationImpl.loadClassAndCallPremain(Ljava/lang/String;Ljava/lang/String;)V+6 java.instrument@17.0.10
v  ~StubRoutines::call_stub
new  187 new  [0x000001ccf13fac80, 0x000001ccf13faea0]  544 bytes
[MachCode]
  0x000001ccf13fac80: 4883 ec08 | c5fa 1104 | 24eb 1f48 | 83ec 10c5 | fb11 0424 | eb14 4883 | ec10 4889 | 0424 48c7 
  0x000001ccf13faca0: 4424 0800 | 0000 00eb | 0150 410f | b755 010f | cac1 ea10 | 488b 4de8 | 488b 4908 | 488b 4908 
  0x000001ccf13facc0: 488b 4108 | 807c 1004 | 070f 85d6 | 0000 0066 | 8b54 d148 | 488b 4928 | 488b 4cd1 | 0851 80b9 
  0x000001ccf13face0: 3301 0000 | 040f 85b9 | 0000 008b | 5108 f7c2 | 0100 0000 | 0f85 aa00 | 0000 498b | 8708 0100 
  0x000001ccf13fad00: 0048 8d1c | 1049 3b9f | 1801 0000 | 0f87 9200 | 0000 4989 | 9f08 0100 | 00e9 0000 | 0000 4883 
  0x000001ccf13fad20: ea10 0f84 | 0f00 0000 | 33c9 c1ea | 0348 894c | d008 48ff | ca75 f648 | c700 0100 | 0000 5933 
  0x000001ccf13fad40: f689 700c | 48c1 e903 | 8948 0849 | ba7a 3504 | 99fc 7f00 | 0041 803a | 000f 8440 | 0000 0050 
  0x000001ccf13fad60: 488b c848 | 83ec 20f7 | c40f 0000 | 000f 841a | 0000 0048 | 83ec 0849 | ba20 30ba | 98fc 7f00 
  0x000001ccf13fad80: 0041 ffd2 | 4883 c408 | e90d 0000 | 0049 ba20 | 30ba 98fc | 7f00 0041 | ffd2 4883 | c420 58e9 
  0x000001ccf13fada0: cd00 0000 | 5948 8b55 | e848 8b52 | 0848 8b52 | 0845 0fb7 | 4501 410f | c841 c1e8 | 10e8 0500 
  0x000001ccf13fadc0: 0000 e9aa | 0000 0048 | 8d44 2408 | 4c89 6dc0 | 498b cfc5 | f877 4989 | afa8 0200 | 0049 8987 
  0x000001ccf13fade0: 9802 0000 | 4883 ec20 | f7c4 0f00 | 0000 0f84 | 1a00 0000 | 4883 ec08 | 49ba c025 | 8498 fc7f 
  0x000001ccf13fae00: 0000 41ff | d248 83c4 | 08e9 0d00 | 0000 49ba | c025 8498 | fc7f 0000 | 41ff d248 | 83c4 2049 
  0x000001ccf13fae20: c787 9802 | 0000 0000 | 0000 49c7 | 87a8 0200 | 0000 0000 | 0049 c787 | a002 0000 | 0000 0000 
  0x000001ccf13fae40: c5f8 7749 | 817f 0800 | 0000 000f | 8405 0000 | 00e9 aa60 | feff 498b | 87f0 0200 | 0049 c787 
  0x000001ccf13fae60: f002 0000 | 0000 0000 | 4c8b 6dc0 | 4c8b 75c8 | c341 0fb6 | 5d03 4983 | c503 49ba | 90a1 0699 
  0x000001ccf13fae80: fc7f 0000 | 41ff 24da | 0000 0000 | 0000 0000 | 0000 0000 | 0000 0000 | 0000 0000 | 0000 0000 
[/MachCode]

---------------  P R O C E S S  ---------------

Threads class SMR info:
_java_thread_list=0x000001cc85064470, length=12, elements={
0x000001cce5a4f230, 0x000001ccfb828030, 0x000001ccfb82b2c0, 0x000001cc8503fdc0,
0x000001cc85040690, 0x000001cc85041700, 0x000001cc85042770, 0x000001cc85088b90,
0x000001cc8508a050, 0x000001cc85095520, 0x000001cce5abbbd0, 0x000001cc851549a0
}

Java Threads: ( => current thread )
=>0x000001cce5a4f230 JavaThread "main" [_thread_in_vm, id=11680, stack(0x00000071c9c00000,0x00000071c9d00000)]
  0x000001ccfb828030 JavaThread "Reference Handler" daemon [_thread_blocked, id=14532, stack(0x00000071c9f00000,0x00000071ca000000)]
  0x000001ccfb82b2c0 JavaThread "Finalizer" daemon [_thread_blocked, id=4624, stack(0x00000071ca000000,0x00000071ca100000)]
  0x000001cc8503fdc0 JavaThread "Signal Dispatcher" daemon [_thread_blocked, id=15388, stack(0x00000071ca100000,0x00000071ca200000)]
  0x000001cc85040690 JavaThread "Attach Listener" daemon [_thread_blocked, id=20916, stack(0x00000071ca200000,0x00000071ca300000)]
  0x000001cc85041700 JavaThread "Service Thread" daemon [_thread_blocked, id=2788, stack(0x00000071ca300000,0x00000071ca400000)]
  0x000001cc85042770 JavaThread "Monitor Deflation Thread" daemon [_thread_blocked, id=2948, stack(0x00000071ca400000,0x00000071ca500000)]
  0x000001cc85088b90 JavaThread "C2 CompilerThread0" daemon [_thread_blocked, id=15880, stack(0x00000071ca500000,0x00000071ca600000)]
  0x000001cc8508a050 JavaThread "C1 CompilerThread0" daemon [_thread_blocked, id=17012, stack(0x00000071ca600000,0x00000071ca700000)]
  0x000001cc85095520 JavaThread "Sweeper thread" daemon [_thread_blocked, id=3044, stack(0x00000071ca700000,0x00000071ca800000)]
  0x000001cce5abbbd0 JavaThread "Common-Cleaner" daemon [_thread_blocked, id=1512, stack(0x00000071ca800000,0x00000071ca900000)]
  0x000001cc851549a0 JavaThread "C2 CompilerThread1" daemon [_thread_blocked, id=3648, stack(0x00000071ca900000,0x00000071caa00000)]

Other Threads:
  0x000001cc85032930 VMThread "VM Thread" [stack: 0x00000071c9e00000,0x00000071c9f00000] [id=15084]
  0x000001cce5a6d910 GCTaskThread "GC Thread#0" [stack: 0x00000071c9d00000,0x00000071c9e00000] [id=14484]

Threads with active compile tasks:

VM state: not at safepoint (normal execution)

VM Mutex/Monitor currently owned by a thread:  ([mutex/lock_event])
[0x000001cce58fff80] Metaspace_lock - owner thread: 0x000001cce5a4f230

Heap address: 0x00000000c0000000, size: 1024 MB, Compressed Oops mode: 32-bit

CDS archive(s) not mapped
Compressed class space mapped at: 0x0000000100000000-0x0000000140000000, reserved size: 1073741824
Narrow klass base: 0x0000000000000000, Narrow klass shift: 3, Narrow klass range: 0x140000000

GC Precious Log:
 CPUs: 8 total, 8 available
 Memory: 16167M
 Large Page Support: Disabled
 NUMA Support: Disabled
 Compressed Oops: Enabled (32-bit)
 Alignments: Space 512K, Generation 512K, Heap 2M
 Heap Min Capacity: 100M
 Heap Initial Capacity: 100M
 Heap Max Capacity: 1G
 Pre-touch: Disabled
 Parallel Workers: 8

Heap:
 PSYoungGen      total 29696K, used 3128K [0x00000000eab00000, 0x00000000ecc00000, 0x0000000100000000)
  eden space 25600K, 12% used [0x00000000eab00000,0x00000000eae0e378,0x00000000ec400000)
  from space 4096K, 0% used [0x00000000ec800000,0x00000000ec800000,0x00000000ecc00000)
  to   space 4096K, 0% used [0x00000000ec400000,0x00000000ec400000,0x00000000ec800000)
 ParOldGen       total 68608K, used 0K [0x00000000c0000000, 0x00000000c4300000, 0x00000000eab00000)
  object space 68608K, 0% used [0x00000000c0000000,0x00000000c0000000,0x00000000c4300000)
 Metaspace       used 4660K, committed 4800K, reserved 1114112K
  class space    used 434K, committed 512K, reserved 1048576K

Card table byte_map: [0x000001ccf90a0000,0x000001ccf92b0000] _byte_map_base: 0x000001ccf8aa0000

Marking Bits: (ParMarkBitMap*) 0x00007ffc9905d7d0
 Begin Bits: [0x000001ccf9410000, 0x000001ccfa410000)
 End Bits:   [0x000001ccfa410000, 0x000001ccfb410000)

Polling page: 0x000001cce5b00000

Metaspace:

Usage:
  Non-class:      4.13 MB used.
      Class:    434.40 KB used.
       Both:      4.55 MB used.

Virtual space:
  Non-class space:       64.00 MB reserved,       4.19 MB (  7%) committed,  1 nodes.
      Class space:        1.00 GB reserved,     512.00 KB ( <1%) committed,  1 nodes.
             Both:        1.06 GB reserved,       4.69 MB ( <1%) committed. 

Chunk freelists:
   Non-Class:  11.00 MB
       Class:  15.56 MB
        Both:  26.56 MB

MaxMetaspaceSize: unlimited
CompressedClassSpaceSize: 1.00 GB
Initial GC threshold: 21.00 MB
Current GC threshold: 21.00 MB
CDS: off
MetaspaceReclaimPolicy: balanced
 - commit_granule_bytes: 65536.
 - commit_granule_words: 8192.
 - virtual_space_node_default_size: 8388608.
 - enlarge_chunks_in_place: 1.
 - new_chunks_are_fully_committed: 0.
 - uncommit_free_chunks: 1.
 - use_allocation_guard: 0.
 - handle_deallocations: 1.


Internal statistics:

num_allocs_failed_limit: 0.
num_arena_births: 6.
num_arena_deaths: 0.
num_vsnodes_births: 2.
num_vsnodes_deaths: 0.
num_space_committed: 75.
num_space_uncommitted: 0.
num_chunks_returned_to_freelist: 0.
num_chunks_taken_from_freelist: 10.
num_chunk_merges: 0.
num_chunk_splits: 5.
num_chunks_enlarged: 2.
num_inconsistent_stats: 0.

CodeHeap 'non-profiled nmethods': size=120000Kb used=62Kb max_used=62Kb free=119938Kb
 bounds [0x000001ccf1980000, 0x000001ccf1bf0000, 0x000001ccf8eb0000]
CodeHeap 'profiled nmethods': size=120000Kb used=220Kb max_used=220Kb free=119779Kb
 bounds [0x000001cce9eb0000, 0x000001ccea120000, 0x000001ccf13e0000]
CodeHeap 'non-nmethods': size=5760Kb used=1083Kb max_used=1109Kb free=4676Kb
 bounds [0x000001ccf13e0000, 0x000001ccf1650000, 0x000001ccf1980000]
 total_blobs=542 nmethods=199 adapters=258
 compilation: enabled
              stopped_count=0, restarted_count=0
 full_count=0

Compilation events (20 events):
Event: 0.140 Thread 0x000001cc8508a050 nmethod 190 0x000001cce9ee2b10 code [0x000001cce9ee2d00, 0x000001cce9ee31a8]
Event: 0.140 Thread 0x000001cc8508a050  191       3       java.lang.String::checkBoundsBeginEnd (63 bytes)
Event: 0.140 Thread 0x000001cc8508a050 nmethod 191 0x000001cce9ee3390 code [0x000001cce9ee3620, 0x000001cce9ee3ef8]
Event: 0.141 Thread 0x000001cc851549a0 nmethod 169 0x000001ccf198e310 code [0x000001ccf198e4e0, 0x000001ccf198ebd8]
Event: 0.142 Thread 0x000001cc85088b90  192       4       java.lang.StringUTF16::getChar (60 bytes)
Event: 0.142 Thread 0x000001cc851549a0  193       4       java.lang.String::charAt (25 bytes)
Event: 0.143 Thread 0x000001cc8508a050  194       3       java.lang.String::checkIndex (48 bytes)
Event: 0.143 Thread 0x000001cc8508a050 nmethod 194 0x000001cce9ee4290 code [0x000001cce9ee44e0, 0x000001cce9ee4c58]
Event: 0.143 Thread 0x000001cc8508a050  195       3       java.lang.StringUTF16::putChar (54 bytes)
Event: 0.144 Thread 0x000001cc8508a050 nmethod 195 0x000001cce9ee4f90 code [0x000001cce9ee5120, 0x000001cce9ee5278]
Event: 0.144 Thread 0x000001cc8508a050  197       3       java.lang.StringUTF16::length (5 bytes)
Event: 0.144 Thread 0x000001cc8508a050 nmethod 197 0x000001cce9ee5390 code [0x000001cce9ee5520, 0x000001cce9ee5618]
Event: 0.144 Thread 0x000001cc851549a0 nmethod 193 0x000001ccf198f110 code [0x000001ccf198f280, 0x000001ccf198f378]
Event: 0.144 Thread 0x000001cc8508a050  196       3       java.lang.String::checkBoundsOffCount (64 bytes)
Event: 0.144 Thread 0x000001cc85088b90 nmethod 192 0x000001ccf198f510 code [0x000001ccf198f680, 0x000001ccf198f758]
Event: 0.144 Thread 0x000001cc8508a050 nmethod 196 0x000001cce9ee5710 code [0x000001cce9ee59a0, 0x000001cce9ee6298]
Event: 0.144 Thread 0x000001cc8508a050  198       3       java.lang.StringUTF16::getChars (42 bytes)
Event: 0.145 Thread 0x000001cc8508a050 nmethod 198 0x000001cce9ee6610 code [0x000001cce9ee67e0, 0x000001cce9ee6b28]
Event: 0.145 Thread 0x000001cc8508a050  199       3       java.lang.String::toCharArray (25 bytes)
Event: 0.145 Thread 0x000001cc8508a050 nmethod 199 0x000001cce9ee6d90 code [0x000001cce9ee6f60, 0x000001cce9ee71f8]

GC Heap History (0 events):
No events

Dll operation events (3 events):
Event: 0.011 Loaded shared library c:\Users\HYH\.vscode\extensions\redhat.java-1.27.0-win32-x64\jre\17.0.10-win32-x86_64\bin\java.dll
Event: 0.141 Loaded shared library c:\Users\HYH\.vscode\extensions\redhat.java-1.27.0-win32-x64\jre\17.0.10-win32-x86_64\bin\zip.dll
Event: 0.148 Loaded shared library C:\Users\HYH\.vscode\extensions\redhat.java-1.27.0-win32-x64\jre\17.0.10-win32-x86_64\bin\instrument.dll

Deoptimization events (0 events):
No events

Classes unloaded (0 events):
No events

Classes redefined (0 events):
No events

Internal exceptions (1 events):
Event: 0.123 Thread 0x000001cce5a4f230 Exception <a 'java/lang/NoSuchMethodError'{0x00000000eac55c18}: 'void java.lang.invoke.DirectMethodHandle$Holder.invokeStatic(java.lang.Object, java.lang.Object, java.lang.Object)'> (0x00000000eac55c18) 
thrown [s\src\hotspot\share\interpreter\linkResolver.cpp, line 759]

VM Operations (2 events):
Event: 0.126 Executing VM operation: HandshakeAllThreads
Event: 0.126 Executing VM operation: HandshakeAllThreads done

Events (20 events):
Event: 0.148 loading class jdk/internal/loader/NativeLibraries$NativeLibraryImpl
Event: 0.148 loading class jdk/internal/loader/NativeLibrary
Event: 0.148 loading class jdk/internal/loader/NativeLibrary done
Event: 0.148 loading class jdk/internal/loader/NativeLibraries$NativeLibraryImpl done
Event: 0.148 loading class sun/instrument/TransformerManager
Event: 0.148 loading class sun/instrument/TransformerManager done
Event: 0.148 loading class sun/instrument/TransformerManager$TransformerInfo
Event: 0.148 loading class sun/instrument/TransformerManager$TransformerInfo done
Event: 0.149 loading class sun/net/util/URLUtil
Event: 0.149 loading class sun/net/util/URLUtil done
Event: 0.149 loading class java/util/Locale
Event: 0.149 loading class java/util/Locale done
Event: 0.149 loading class sun/util/locale/BaseLocale
Event: 0.149 loading class sun/util/locale/BaseLocale done
Event: 0.150 loading class sun/util/locale/LocaleUtils
Event: 0.150 loading class sun/util/locale/LocaleUtils done
Event: 0.150 loading class jdk/internal/loader/URLClassPath$3
Event: 0.150 loading class java/security/PrivilegedExceptionAction
Event: 0.150 loading class java/security/PrivilegedExceptionAction done
Event: 0.150 loading class jdk/internal/loader/URLClassPath$3 done


Dynamic libraries:
0x00007ff7aac90000 - 0x00007ff7aac9e000 	c:\Users\HYH\.vscode\extensions\redhat.java-1.27.0-win32-x64\jre\17.0.10-win32-x86_64\bin\java.exe
0x00007ffd397f0000 - 0x00007ffd39a07000 	C:\WINDOWS\SYSTEM32\ntdll.dll
0x00007ffd389f0000 - 0x00007ffd38ab4000 	C:\WINDOWS\System32\KERNEL32.DLL
0x00007ffd36dd0000 - 0x00007ffd37175000 	C:\WINDOWS\System32\KERNELBASE.dll
0x00007ffd37180000 - 0x00007ffd37291000 	C:\WINDOWS\System32\ucrtbase.dll
0x00007ffd016c0000 - 0x00007ffd016d7000 	c:\Users\HYH\.vscode\extensions\redhat.java-1.27.0-win32-x64\jre\17.0.10-win32-x86_64\bin\jli.dll
0x00007ffd17b10000 - 0x00007ffd17b2b000 	c:\Users\HYH\.vscode\extensions\redhat.java-1.27.0-win32-x64\jre\17.0.10-win32-x86_64\bin\VCRUNTIME140.dll
0x00007ffd38ac0000 - 0x00007ffd38c6e000 	C:\WINDOWS\System32\USER32.dll
0x00007ffd372a0000 - 0x00007ffd372c6000 	C:\WINDOWS\System32\win32u.dll
0x00007ffd1e2e0000 - 0x00007ffd1e573000 	C:\WINDOWS\WinSxS\amd64_microsoft.windows.common-controls_6595b64144ccf1df_6.0.23555.1000_none_ef0d66527a998277\COMCTL32.dll
0x00007ffd37670000 - 0x00007ffd37699000 	C:\WINDOWS\System32\GDI32.dll
0x00007ffd39000000 - 0x00007ffd390a7000 	C:\WINDOWS\System32\msvcrt.dll
0x00007ffd36b70000 - 0x00007ffd36c88000 	C:\WINDOWS\System32\gdi32full.dll
0x00007ffd374b0000 - 0x00007ffd3754a000 	C:\WINDOWS\System32\msvcp_win.dll
0x00007ffd38e70000 - 0x00007ffd38ea1000 	C:\WINDOWS\System32\IMM32.DLL
0x00007ffd2e610000 - 0x00007ffd2e61c000 	c:\Users\HYH\.vscode\extensions\redhat.java-1.27.0-win32-x64\jre\17.0.10-win32-x86_64\bin\vcruntime140_1.dll
0x00007ffceb6b0000 - 0x00007ffceb73d000 	c:\Users\HYH\.vscode\extensions\redhat.java-1.27.0-win32-x64\jre\17.0.10-win32-x86_64\bin\msvcp140.dll
0x00007ffc984c0000 - 0x00007ffc99122000 	c:\Users\HYH\.vscode\extensions\redhat.java-1.27.0-win32-x64\jre\17.0.10-win32-x86_64\bin\server\jvm.dll
0x00007ffd388c0000 - 0x00007ffd38970000 	C:\WINDOWS\System32\ADVAPI32.dll
0x00007ffd38c70000 - 0x00007ffd38d16000 	C:\WINDOWS\System32\sechost.dll
0x00007ffd37550000 - 0x00007ffd37667000 	C:\WINDOWS\System32\RPCRT4.dll
0x00007ffcecb90000 - 0x00007ffcecb99000 	C:\WINDOWS\SYSTEM32\WSOCK32.dll
0x00007ffd37870000 - 0x00007ffd378e1000 	C:\WINDOWS\System32\WS2_32.dll
0x00007ffd2a440000 - 0x00007ffd2a474000 	C:\WINDOWS\SYSTEM32\WINMM.dll
0x00007ffd359d0000 - 0x00007ffd35a1d000 	C:\WINDOWS\SYSTEM32\POWRPROF.dll
0x00007ffd1e9d0000 - 0x00007ffd1e9da000 	C:\WINDOWS\SYSTEM32\VERSION.dll
0x00007ffd359b0000 - 0x00007ffd359c3000 	C:\WINDOWS\SYSTEM32\UMPDC.dll
0x00007ffd35c00000 - 0x00007ffd35c18000 	C:\WINDOWS\SYSTEM32\kernel.appcore.dll
0x00007ffd1b2f0000 - 0x00007ffd1b2fa000 	c:\Users\HYH\.vscode\extensions\redhat.java-1.27.0-win32-x64\jre\17.0.10-win32-x86_64\bin\jimage.dll
0x00007ffd33b70000 - 0x00007ffd33d9e000 	C:\WINDOWS\SYSTEM32\DBGHELP.DLL
0x00007ffd37a60000 - 0x00007ffd37dea000 	C:\WINDOWS\System32\combase.dll
0x00007ffd38d20000 - 0x00007ffd38df7000 	C:\WINDOWS\System32\OLEAUT32.dll
0x00007ffd13690000 - 0x00007ffd136c2000 	C:\WINDOWS\SYSTEM32\dbgcore.DLL
0x00007ffd36d50000 - 0x00007ffd36dca000 	C:\WINDOWS\System32\bcryptPrimitives.dll
0x00007ffd19b80000 - 0x00007ffd19b8e000 	c:\Users\HYH\.vscode\extensions\redhat.java-1.27.0-win32-x64\jre\17.0.10-win32-x86_64\bin\instrument.dll
0x00007ffcff1c0000 - 0x00007ffcff1e5000 	c:\Users\HYH\.vscode\extensions\redhat.java-1.27.0-win32-x64\jre\17.0.10-win32-x86_64\bin\java.dll
0x00007ffcfd910000 - 0x00007ffcfd928000 	c:\Users\HYH\.vscode\extensions\redhat.java-1.27.0-win32-x64\jre\17.0.10-win32-x86_64\bin\zip.dll
0x00007ffd37ef0000 - 0x00007ffd38743000 	C:\WINDOWS\System32\SHELL32.dll
0x00007ffd34a90000 - 0x00007ffd3539f000 	C:\WINDOWS\SYSTEM32\windows.storage.dll
0x00007ffd34950000 - 0x00007ffd34a8e000 	C:\WINDOWS\SYSTEM32\wintypes.dll
0x00007ffd37950000 - 0x00007ffd37a43000 	C:\WINDOWS\System32\SHCORE.dll
0x00007ffd378f0000 - 0x00007ffd3794e000 	C:\WINDOWS\System32\shlwapi.dll
0x00007ffd36aa0000 - 0x00007ffd36ac6000 	C:\WINDOWS\SYSTEM32\profapi.dll

dbghelp: loaded successfully - version: 4.0.5 - missing functions: none
symbol engine: initialized successfully - sym options: 0x614 - pdb path: .;c:\Users\HYH\.vscode\extensions\redhat.java-1.27.0-win32-x64\jre\17.0.10-win32-x86_64\bin;C:\WINDOWS\SYSTEM32;C:\WINDOWS\WinSxS\amd64_microsoft.windows.common-controls_6595b64144ccf1df_6.0.23555.1000_none_ef0d66527a998277;c:\Users\HYH\.vscode\extensions\redhat.java-1.27.0-win32-x64\jre\17.0.10-win32-x86_64\bin\server

VM Arguments:
jvm_args: --add-modules=ALL-SYSTEM --add-opens=java.base/java.util=ALL-UNNAMED --add-opens=java.base/java.lang=ALL-UNNAMED --add-opens=java.base/sun.nio.fs=ALL-UNNAMED -Declipse.application=org.eclipse.jdt.ls.core.id1 -Dosgi.bundles.defaultStartLevel=4 -Declipse.product=org.eclipse.jdt.ls.core.product -Djava.import.generatesMetadataFilesAtProjectRoot=false -DDetectVMInstallationsJob.disabled=true -Dfile.encoding=utf8 -XX:+UseParallelGC -XX:GCTimeRatio=4 -XX:AdaptiveSizePolicyWeight=90 -Dsun.zip.disableMemoryMapping=true -Xmx1G -Xms100m -Xlog:disable -javaagent:c:\Users\HYH\.vscode\extensions\redhat.java-1.27.0-win32-x64\lombok\lombok-1.18.31.jar 
java_command: c:\Users\HYH\.vscode\extensions\redhat.java-1.27.0-win32-x64\server\plugins\org.eclipse.equinox.launcher_1.6.700.v20231214-2017.jar -configuration c:\Users\HYH\AppData\Roaming\Code\User\globalStorage\redhat.java\1.27.0\config_ss_win -data c:\Users\HYH\AppData\Roaming\Code\User\workspaceStorage\59a2d48e75f4d897afcf3f5ed67b39ac\redhat.java\ss_ws --stdio
java_class_path (initial): c:\Users\HYH\.vscode\extensions\redhat.java-1.27.0-win32-x64\server\plugins\org.eclipse.equinox.launcher_1.6.700.v20231214-2017.jar
Launcher Type: SUN_STANDARD

[Global flags]
    uintx AdaptiveSizePolicyWeight                 = 90                                        {product} {command line}
     intx CICompilerCount                          = 4                                         {product} {ergonomic}
    uintx GCTimeRatio                              = 4                                         {product} {command line}
   size_t InitialHeapSize                          = 104857600                                 {product} {command line}
   size_t MaxHeapSize                              = 1073741824                                {product} {command line}
   size_t MaxNewSize                               = 357564416                                 {product} {ergonomic}
   size_t MinHeapDeltaBytes                        = 524288                                    {product} {ergonomic}
   size_t MinHeapSize                              = 104857600                                 {product} {command line}
   size_t NewSize                                  = 34603008                                  {product} {ergonomic}
    uintx NonNMethodCodeHeapSize                   = 5839372                                {pd product} {ergonomic}
    uintx NonProfiledCodeHeapSize                  = 122909434                              {pd product} {ergonomic}
   size_t OldSize                                  = 70254592                                  {product} {ergonomic}
    uintx ProfiledCodeHeapSize                     = 122909434                              {pd product} {ergonomic}
    uintx ReservedCodeCacheSize                    = 251658240                              {pd product} {ergonomic}
     bool SegmentedCodeCache                       = true                                      {product} {ergonomic}
   size_t SoftMaxHeapSize                          = 1073741824                             {manageable} {ergonomic}
     bool UseCompressedClassPointers               = true                           {product lp64_product} {ergonomic}
     bool UseCompressedOops                        = true                           {product lp64_product} {ergonomic}
     bool UseLargePagesIndividualAllocation        = false                                  {pd product} {ergonomic}
     bool UseParallelGC                            = true                                      {product} {command line}

Logging:
Log output configuration:
 #0: stdout all=off uptime,level,tags
 #1: stderr all=off uptime,level,tags

Environment Variables:
JAVA_HOME=D:\Java_JDK\jdk-21
CLASSPATH=.;D:\Java_JDK\jdk-21\lib\rt.jar;D:\Java_JDK\jdk-21\lib\tools.jar
PATH=D:\Ruby32-x64\bin;D:\Program Files\OpenSSH\;D:\Java_JDK\jdk-21\bin;D:\VMware WorkStation\bin\;C:;Program Files\Common Files\Oracle\Java\javapath;C:\Windows\System32\HWAudioDriverLibs;C:\Windows\system32;C:\Windows;C:\Windows\System32\Wbem;C:\Windows\System32\WindowsPowerShell\v1.0\;C:\Windows\System32\OpenSSH\;C:\Windows\system32\config\systemprofile\AppData\Local\Microsoft\WindowsApps;C:\WINDOWS\system32;C:\WINDOWS;C:\WINDOWS\System32\Wbem;C:\WINDOWS\System32\WindowsPowerShell\v1.0\;C:\WINDOWS\System32\OpenSSH\;C:\Program Files\Microsoft SQL Server\Client SDK\ODBC\170\Tools\Binn\;C:\Program Files (x86)\Microsoft SQL Server\150\Tools\Binn\;C:\Program Files\Microsoft SQL Server\150\Tools\Binn\;C:\Program Files\Microsoft SQL Server\150\DTS\Binn\;C:\Program Files\Azure Data Studio\bin;D:\SQL SERVE\sqljdbc_10.2.1.0_chs\mssql-jdbc-10.2.1.jre17.jar;C:\Program Files\dotnet\;D:\mingw64\bin;D:\Git\cmd;D:\yarn\bin\;D:\hadoop-2.7.7\bin;D:\mysql-8.0.33-winx64\bin;D:\apache-hive-2.3.9-bin\bin;";D:\Tomcat\bin;D:\tomcat\lib";D:\nvm;D:\nodejs;D:\微信web开发者工具\dll;D:\Docker\resources\bin;D:\Program Files\dotnet\;D:\Java_JDK\jdk-21\bin;C:\Users\HYH\AppData\Local\Programs\Python\Python310\Scripts\;C:\Users\HYH\AppData\Local\Programs\Python\Python310\;D:\windows虚拟机\bin\;C:\Program Files\Common Files\Oracle\Java\javapath;C:\Windows\System32\HWAudioDriverLibs;C:\Windows\system32;C:\Windows;C:\Windows\System32\Wbem;C:\Windows\System32\WindowsPowerShell\v1.0\;C:\Windows\System32\OpenSSH\;C:\Windows\system32\config\systemprofile\AppData\Local\Microsoft\WindowsApps;C:\WINDOWS\system32;C:\WINDOWS;C:\WINDOWS\System32\Wbem;C:\WINDOWS\System32\WindowsPowerShell\v1.0\;C:\WINDOWS\System32\OpenSSH\;C:\Program Files\Microsoft SQL Server\Client SDK\ODBC\170\Tools\Binn\;C:\Program Files (x86)\Microsoft SQL Server\150\Tools\Binn\;C:\Program Files\Microsoft SQL Server\150\Tools\Binn\;C:\Program Files\Microsoft SQL Server\150\DTS\Binn\;C:\Program Files (x86)\Microsoft SQL Server\150\DTS\Binn\;C:
USERNAME=HYH
OS=Windows_NT
PROCESSOR_IDENTIFIER=Intel64 Family 6 Model 140 Stepping 1, GenuineIntel
TMP=C:\Users\HYH\AppData\Local\Temp
TEMP=C:\Users\HYH\AppData\Local\Temp



Periodic native trim disabled


---------------  S Y S T E M  ---------------

OS:
 Windows 11 , 64 bit Build 23555 (10.0.23555.1000)
OS uptime: 1 days 17:56 hours
Hyper-V role detected

CPU: total 8 (initial active 8) (4 cores per cpu, 2 threads per core) family 6 model 140 stepping 1 microcode 0xa4, cx8, cmov, fxsr, ht, mmx, 3dnowpref, sse, sse2, sse3, ssse3, sse4.1, sse4.2, popcnt, lzcnt, tsc, tscinvbit, avx, avx2, aes, erms, clmul, bmi1, bmi2, adx, avx512f, avx512dq, avx512cd, avx512bw, avx512vl, sha, fma, vzeroupper, avx512_vpopcntdq, avx512_vpclmulqdq, avx512_vaes, avx512_vnni, clflush, clflushopt, clwb, avx512_vbmi2, avx512_vbmi, hv
Processor Information for all 8 processors :
  Max Mhz: 3110, Current Mhz: 3110, Mhz Limit: 3110

Memory: 4k page, system-wide physical 16167M (761M free)
TotalPageFile size 31527M (AvailPageFile size 200M)
current process WorkingSet (physical memory assigned to process): 31M, peak: 31M
current process commit charge ("private bytes"): 184M, peak: 184M

vm_info: OpenJDK 64-Bit Server VM (17.0.10+7) for windows-amd64 JRE (17.0.10+7), built on Jan 16 2024 23:25:11 by "admin" with MS VC++ 16.10 / 16.11 (VS2019)

END.
