#
# There is insufficient memory for the Java Runtime Environment to continue.
# Native memory allocation (malloc) failed to allocate 292976 bytes for Chunk::new
# Possible reasons:
#   The system is out of physical RAM or swap space
#   The process is running with CompressedOops enabled, and the Java Heap may be blocking the growth of the native heap
# Possible solutions:
#   Reduce memory load on the system
#   Increase physical memory or swap space
#   Check if swap backing store is full
#   Decrease Java heap size (-Xmx/-Xms)
#   Decrease number of Java threads
#   Decrease Java thread stack sizes (-Xss)
#   Set larger code cache with -XX:ReservedCodeCacheSize=
#   JVM is running with Unscaled Compressed Oops mode in which the Java heap is
#     placed in the first 4GB address space. The Java Heap base address is the
#     maximum limit for the native heap growth. Please use -XX:HeapBaseMinAddress
#     to set the Java Heap base and to place the Java Heap above 4GB virtual address.
# This output file may be truncated or incomplete.
#
#  Out of Memory Error (arena.cpp:191), pid=21472, tid=2504
#
# JRE version: OpenJDK Runtime Environment Temurin-17.0.10+7 (17.0.10+7) (build 17.0.10+7)
# Java VM: OpenJDK 64-Bit Server VM Temurin-17.0.10+7 (17.0.10+7, mixed mode, tiered, compressed oops, compressed class ptrs, parallel gc, windows-amd64)
# No core dump will be written. Minidumps are not enabled by default on client versions of Windows
#

---------------  S U M M A R Y ------------

Command Line: --add-modules=ALL-SYSTEM --add-opens=java.base/java.util=ALL-UNNAMED --add-opens=java.base/java.lang=ALL-UNNAMED --add-opens=java.base/sun.nio.fs=ALL-UNNAMED -Declipse.application=org.eclipse.jdt.ls.core.id1 -Dosgi.bundles.defaultStartLevel=4 -Declipse.product=org.eclipse.jdt.ls.core.product -Djava.import.generatesMetadataFilesAtProjectRoot=false -DDetectVMInstallationsJob.disabled=true -Dfile.encoding=utf8 -XX:+UseParallelGC -XX:GCTimeRatio=4 -XX:AdaptiveSizePolicyWeight=90 -Dsun.zip.disableMemoryMapping=true -Xmx1G -Xms100m -Xlog:disable -javaagent:c:\Users\HYH\.vscode\extensions\redhat.java-1.27.0-win32-x64\lombok\lombok-1.18.31.jar -XX:+HeapDumpOnOutOfMemoryError -XX:HeapDumpPath=c:\Users\HYH\AppData\Roaming\Code\User\workspaceStorage\59a2d48e75f4d897afcf3f5ed67b39ac\redhat.java -Daether.dependencyCollector.impl=bf c:\Users\HYH\.vscode\extensions\redhat.java-1.27.0-win32-x64\server\plugins\org.eclipse.equinox.launcher_1.6.700.v20231214-2017.jar -configuration c:\Users\HYH\AppData\Roaming\Code\User\globalStorage\redhat.java\1.27.0\config_win -data c:\Users\HYH\AppData\Roaming\Code\User\workspaceStorage\59a2d48e75f4d897afcf3f5ed67b39ac\redhat.java\jdt_ws --stdio

Host: 11th Gen Intel(R) Core(TM) i5-11300H @ 3.10GHz, 8 cores, 15G,  Windows 11 , 64 bit Build 23555 (10.0.23555.1000)
Time: Sat Feb 10 15:59:46 2024  Windows 11 , 64 bit Build 23555 (10.0.23555.1000) elapsed time: 1.013548 seconds (0d 0h 0m 1s)

---------------  T H R E A D  ---------------

Current thread (0x00000276482e8000):  JavaThread "C2 CompilerThread2" daemon [_thread_in_native, id=2504, stack(0x00000098cbe00000,0x00000098cbf00000)]


Current CompileTask:
C2:   1013 1107       4       jdk.internal.jimage.ImageLocation::verify (218 bytes)

Stack: [0x00000098cbe00000,0x00000098cbf00000]
Native frames: (J=compiled Java code, j=interpreted, Vv=VM code, C=native code)
V  [jvm.dll+0x67d2c9]
V  [jvm.dll+0x834afa]
V  [jvm.dll+0x8365be]
V  [jvm.dll+0x836c23]
V  [jvm.dll+0x2477ff]
V  [jvm.dll+0xac514]
V  [jvm.dll+0xacb5c]
V  [jvm.dll+0x2aed1f]
V  [jvm.dll+0x584b67]
V  [jvm.dll+0x2228a2]
V  [jvm.dll+0x222c8f]
V  [jvm.dll+0x21bdb6]
V  [jvm.dll+0x219201]
V  [jvm.dll+0x1a502d]
V  [jvm.dll+0x2290de]
V  [jvm.dll+0x2272ac]
V  [jvm.dll+0x7e9bb7]
V  [jvm.dll+0x7e3fba]
V  [jvm.dll+0x67c1b5]
C  [ucrtbase.dll+0x29363]
C  [KERNEL32.DLL+0x1257d]
C  [ntdll.dll+0x5aa78]


---------------  P R O C E S S  ---------------

Threads class SMR info:
_java_thread_list=0x00000276482053e0, length=14, elements={
0x000002762e1c0220, 0x0000027642045020, 0x0000027642045af0, 0x0000027647196010,
0x00000276471968e0, 0x00000276471972b0, 0x0000027647197d80, 0x000002764719ca50,
0x00000276471b12c0, 0x00000276471d4370, 0x00000276472b6120, 0x00000276473a9850,
0x000002764820bdc0, 0x00000276482e8000
}

Java Threads: ( => current thread )
  0x000002762e1c0220 JavaThread "main" [_thread_in_Java, id=22900, stack(0x00000098cae00000,0x00000098caf00000)]
  0x0000027642045020 JavaThread "Reference Handler" daemon [_thread_blocked, id=26480, stack(0x00000098cb100000,0x00000098cb200000)]
  0x0000027642045af0 JavaThread "Finalizer" daemon [_thread_blocked, id=20636, stack(0x00000098cb200000,0x00000098cb300000)]
  0x0000027647196010 JavaThread "Signal Dispatcher" daemon [_thread_blocked, id=19264, stack(0x00000098cb300000,0x00000098cb400000)]
  0x00000276471968e0 JavaThread "Attach Listener" daemon [_thread_blocked, id=20340, stack(0x00000098cb400000,0x00000098cb500000)]
  0x00000276471972b0 JavaThread "Service Thread" daemon [_thread_blocked, id=22164, stack(0x00000098cb500000,0x00000098cb600000)]
  0x0000027647197d80 JavaThread "Monitor Deflation Thread" daemon [_thread_blocked, id=7476, stack(0x00000098cb600000,0x00000098cb700000)]
  0x000002764719ca50 JavaThread "C2 CompilerThread0" daemon [_thread_in_native, id=9956, stack(0x00000098cb700000,0x00000098cb800000)]
  0x00000276471b12c0 JavaThread "C1 CompilerThread0" daemon [_thread_in_native, id=19720, stack(0x00000098cb800000,0x00000098cb900000)]
  0x00000276471d4370 JavaThread "Sweeper thread" daemon [_thread_blocked, id=25704, stack(0x00000098cb900000,0x00000098cba00000)]
  0x00000276472b6120 JavaThread "Common-Cleaner" daemon [_thread_blocked, id=22284, stack(0x00000098cba00000,0x00000098cbb00000)]
  0x00000276473a9850 JavaThread "C2 CompilerThread1" daemon [_thread_blocked, id=22984, stack(0x00000098cbb00000,0x00000098cbc00000)]
  0x000002764820bdc0 JavaThread "Notification Thread" daemon [_thread_blocked, id=3144, stack(0x00000098cbc00000,0x00000098cbd00000)]
=>0x00000276482e8000 JavaThread "C2 CompilerThread2" daemon [_thread_in_native, id=2504, stack(0x00000098cbe00000,0x00000098cbf00000)]

Other Threads:
  0x00000276471514b0 VMThread "VM Thread" [stack: 0x00000098cb000000,0x00000098cb100000] [id=2648]
  0x000002764820c2a0 WatcherThread [stack: 0x00000098cbd00000,0x00000098cbe00000] [id=8756]
  0x000002762e1d4e40 GCTaskThread "GC Thread#0" [stack: 0x00000098caf00000,0x00000098cb000000] [id=23216]
  0x000002764866cde0 GCTaskThread "GC Thread#1" [stack: 0x00000098cbf00000,0x00000098cc000000] [id=20280]
  0x0000027648942050 GCTaskThread "GC Thread#2" [stack: 0x00000098cc000000,0x00000098cc100000] [id=4008]
  0x0000027648942310 GCTaskThread "GC Thread#3" [stack: 0x00000098cc100000,0x00000098cc200000] [id=20496]
  0x00000276489425d0 GCTaskThread "GC Thread#4" [stack: 0x00000098cc200000,0x00000098cc300000] [id=6732]
  0x0000027648770da0 GCTaskThread "GC Thread#5" [stack: 0x00000098cc300000,0x00000098cc400000] [id=8876]
  0x0000027648771060 GCTaskThread "GC Thread#6" [stack: 0x00000098cc400000,0x00000098cc500000] [id=2096]

Threads with active compile tasks:
C2 CompilerThread0     1032 1126       4       java.lang.StringBuilder::append (8 bytes)
C1 CompilerThread0     1032 1128   !   3       sun.net.www.ParseUtil::decode (317 bytes)
C2 CompilerThread2     1032 1107       4       jdk.internal.jimage.ImageLocation::verify (218 bytes)

VM state: not at safepoint (normal execution)

VM Mutex/Monitor currently owned by a thread: None

Heap address: 0x00000000c0000000, size: 1024 MB, Compressed Oops mode: 32-bit

CDS archive(s) not mapped
Compressed class space mapped at: 0x0000000100000000-0x0000000140000000, reserved size: 1073741824
Narrow klass base: 0x0000000000000000, Narrow klass shift: 3, Narrow klass range: 0x140000000

GC Precious Log:
 CPUs: 8 total, 8 available
 Memory: 16167M
 Large Page Support: Disabled
 NUMA Support: Disabled
 Compressed Oops: Enabled (32-bit)
 Alignments: Space 512K, Generation 512K, Heap 2M
 Heap Min Capacity: 100M
 Heap Initial Capacity: 100M
 Heap Max Capacity: 1G
 Pre-touch: Disabled
 Parallel Workers: 8

Heap:
 PSYoungGen      total 29696K, used 11107K [0x00000000eab00000, 0x00000000ecc00000, 0x0000000100000000)
  eden space 25600K, 30% used [0x00000000eab00000,0x00000000eb2a37c0,0x00000000ec400000)
  from space 4096K, 80% used [0x00000000ec400000,0x00000000ec7355b8,0x00000000ec800000)
  to   space 4096K, 0% used [0x00000000ec800000,0x00000000ec800000,0x00000000ecc00000)
 ParOldGen       total 68608K, used 16K [0x00000000c0000000, 0x00000000c4300000, 0x00000000eab00000)
  object space 68608K, 0% used [0x00000000c0000000,0x00000000c0004000,0x00000000c4300000)
 Metaspace       used 12317K, committed 12544K, reserved 1114112K
  class space    used 1216K, committed 1344K, reserved 1048576K

Card table byte_map: [0x000002762db50000,0x000002762dd60000] _byte_map_base: 0x000002762d550000

Marking Bits: (ParMarkBitMap*) 0x00007ffc9905d7d0
 Begin Bits: [0x000002763fe50000, 0x0000027640e50000)
 End Bits:   [0x0000027640e50000, 0x0000027641e50000)

Polling page: 0x000002762c140000

Metaspace:

Usage:
  Non-class:     10.84 MB used.
      Class:      1.19 MB used.
       Both:     12.03 MB used.

Virtual space:
  Non-class space:       64.00 MB reserved,      10.94 MB ( 17%) committed,  1 nodes.
      Class space:        1.00 GB reserved,       1.31 MB ( <1%) committed,  1 nodes.
             Both:        1.06 GB reserved,      12.25 MB (  1%) committed. 

Chunk freelists:
   Non-Class:  4.28 MB
       Class:  14.61 MB
        Both:  18.89 MB

MaxMetaspaceSize: unlimited
CompressedClassSpaceSize: 1.00 GB
Initial GC threshold: 21.00 MB
Current GC threshold: 21.00 MB
CDS: off
MetaspaceReclaimPolicy: balanced
 - commit_granule_bytes: 65536.
 - commit_granule_words: 8192.
 - virtual_space_node_default_size: 8388608.
 - enlarge_chunks_in_place: 1.
 - new_chunks_are_fully_committed: 0.
 - uncommit_free_chunks: 1.
 - use_allocation_guard: 0.
 - handle_deallocations: 1.


Internal statistics:

num_allocs_failed_limit: 0.
num_arena_births: 38.
num_arena_deaths: 0.
num_vsnodes_births: 2.
num_vsnodes_deaths: 0.
num_space_committed: 196.
num_space_uncommitted: 0.
num_chunks_returned_to_freelist: 0.
num_chunks_taken_from_freelist: 152.
num_chunk_merges: 0.
num_chunk_splits: 102.
num_chunks_enlarged: 83.
num_inconsistent_stats: 0.

CodeHeap 'non-profiled nmethods': size=120000Kb used=475Kb max_used=475Kb free=119524Kb
 bounds [0x0000027638920000, 0x0000027638b90000, 0x000002763fe50000]
CodeHeap 'profiled nmethods': size=120000Kb used=1912Kb max_used=1912Kb free=118087Kb
 bounds [0x0000027630e50000, 0x00000276310c0000, 0x0000027638380000]
CodeHeap 'non-nmethods': size=5760Kb used=1161Kb max_used=1179Kb free=4598Kb
 bounds [0x0000027638380000, 0x00000276385f0000, 0x0000027638920000]
 total_blobs=1567 nmethods=1124 adapters=358
 compilation: enabled
              stopped_count=0, restarted_count=0
 full_count=0

Compilation events (20 events):
Event: 0.993 Thread 0x00000276471b12c0 1105       3       sun.net.util.URLUtil::urlNoFragString (114 bytes)
Event: 0.994 Thread 0x00000276471b12c0 nmethod 1105 0x0000027631025310 code [0x0000027631025640, 0x0000027631026688]
Event: 1.000 Thread 0x00000276482e8000 1107       4       jdk.internal.jimage.ImageLocation::verify (218 bytes)
Event: 1.003 Thread 0x00000276471b12c0 1108       1       java.net.JarURLConnection::getJarFileURL (5 bytes)
Event: 1.003 Thread 0x00000276471b12c0 nmethod 1108 0x0000027638993110 code [0x00000276389932a0, 0x0000027638993378]
Event: 1.005 Thread 0x00000276471b12c0 1109       3       java.io.File::<init> (47 bytes)
Event: 1.005 Thread 0x00000276471b12c0 nmethod 1109 0x0000027631026c90 code [0x0000027631026e60, 0x00000276310271a8]
Event: 1.005 Thread 0x00000276471b12c0 1110       3       java.lang.ref.Cleaner::register (25 bytes)
Event: 1.005 Thread 0x00000276471b12c0 nmethod 1110 0x0000027631027310 code [0x0000027631027500, 0x0000027631027a08]
Event: 1.005 Thread 0x00000276471b12c0 1111       3       jdk.internal.ref.CleanerImpl$PhantomCleanableRef::<init> (12 bytes)
Event: 1.005 Thread 0x00000276471b12c0 nmethod 1111 0x0000027631027c10 code [0x0000027631027da0, 0x0000027631027f08]
Event: 1.005 Thread 0x00000276471b12c0 1112       3       java.net.URI::quote (214 bytes)
Event: 1.006 Thread 0x00000276471b12c0 nmethod 1112 0x0000027631027f90 code [0x0000027631028360, 0x0000027631029c38]
Event: 1.006 Thread 0x00000276471b12c0 1113       3       java.io.File::isDirectory (34 bytes)
Event: 1.007 Thread 0x00000276471b12c0 nmethod 1113 0x000002763102a610 code [0x000002763102a800, 0x000002763102ad28]
Event: 1.007 Thread 0x00000276473a9850 1114       4       java.net.URI::match (56 bytes)
Event: 1.007 Thread 0x00000276473a9850 nmethod 1114 0x0000027638993410 code [0x0000027638993580, 0x0000027638993658]
Event: 1.011 Thread 0x00000276471b12c0 1115       3       java.io.File::getAbsolutePath (8 bytes)
Event: 1.011 Thread 0x00000276471b12c0 nmethod 1115 0x000002763102af10 code [0x000002763102b0c0, 0x000002763102b228]
Event: 1.011 Thread 0x000002764719ca50 nmethod 1103 0x0000027638993710 code [0x0000027638993a20, 0x0000027638995688]

GC Heap History (2 events):
Event: 0.869 GC heap before
{Heap before GC invocations=1 (full 0):
 PSYoungGen      total 29696K, used 25600K [0x00000000eab00000, 0x00000000ecc00000, 0x0000000100000000)
  eden space 25600K, 100% used [0x00000000eab00000,0x00000000ec400000,0x00000000ec400000)
  from space 4096K, 0% used [0x00000000ec800000,0x00000000ec800000,0x00000000ecc00000)
  to   space 4096K, 0% used [0x00000000ec400000,0x00000000ec400000,0x00000000ec800000)
 ParOldGen       total 68608K, used 0K [0x00000000c0000000, 0x00000000c4300000, 0x00000000eab00000)
  object space 68608K, 0% used [0x00000000c0000000,0x00000000c0000000,0x00000000c4300000)
 Metaspace       used 11086K, committed 11200K, reserved 1114112K
  class space    used 1106K, committed 1152K, reserved 1048576K
}
Event: 0.876 GC heap after
{Heap after GC invocations=1 (full 0):
 PSYoungGen      total 29696K, used 3285K [0x00000000eab00000, 0x00000000ecc00000, 0x0000000100000000)
  eden space 25600K, 0% used [0x00000000eab00000,0x00000000eab00000,0x00000000ec400000)
  from space 4096K, 80% used [0x00000000ec400000,0x00000000ec7355b8,0x00000000ec800000)
  to   space 4096K, 0% used [0x00000000ec800000,0x00000000ec800000,0x00000000ecc00000)
 ParOldGen       total 68608K, used 16K [0x00000000c0000000, 0x00000000c4300000, 0x00000000eab00000)
  object space 68608K, 0% used [0x00000000c0000000,0x00000000c0004000,0x00000000c4300000)
 Metaspace       used 11086K, committed 11200K, reserved 1114112K
  class space    used 1106K, committed 1152K, reserved 1048576K
}

Dll operation events (8 events):
Event: 0.008 Loaded shared library c:\Users\HYH\.vscode\extensions\redhat.java-1.27.0-win32-x64\jre\17.0.10-win32-x86_64\bin\java.dll
Event: 0.144 Loaded shared library c:\Users\HYH\.vscode\extensions\redhat.java-1.27.0-win32-x64\jre\17.0.10-win32-x86_64\bin\zip.dll
Event: 0.150 Loaded shared library C:\Users\HYH\.vscode\extensions\redhat.java-1.27.0-win32-x64\jre\17.0.10-win32-x86_64\bin\instrument.dll
Event: 0.162 Loaded shared library C:\Users\HYH\.vscode\extensions\redhat.java-1.27.0-win32-x64\jre\17.0.10-win32-x86_64\bin\net.dll
Event: 0.164 Loaded shared library C:\Users\HYH\.vscode\extensions\redhat.java-1.27.0-win32-x64\jre\17.0.10-win32-x86_64\bin\nio.dll
Event: 0.170 Loaded shared library C:\Users\HYH\.vscode\extensions\redhat.java-1.27.0-win32-x64\jre\17.0.10-win32-x86_64\bin\zip.dll
Event: 0.187 Loaded shared library C:\Users\HYH\.vscode\extensions\redhat.java-1.27.0-win32-x64\jre\17.0.10-win32-x86_64\bin\jimage.dll
Event: 0.269 Loaded shared library c:\Users\HYH\.vscode\extensions\redhat.java-1.27.0-win32-x64\jre\17.0.10-win32-x86_64\bin\verify.dll

Deoptimization events (20 events):
Event: 0.827 Thread 0x000002762e1c0220 Uncommon trap: trap_request=0xffffff45 fr.pc=0x0000027638967894 relative=0x0000000000000094
Event: 0.827 Thread 0x000002762e1c0220 Uncommon trap: reason=unstable_if action=reinterpret pc=0x0000027638967894 method=java.util.HashMap.hash(Ljava/lang/Object;)I @ 1 c2
Event: 0.827 Thread 0x000002762e1c0220 DEOPT PACKING pc=0x0000027638967894 sp=0x00000098caefdf10
Event: 0.827 Thread 0x000002762e1c0220 DEOPT UNPACKING pc=0x00000276383d9ea3 sp=0x00000098caefdea8 mode 2
Event: 0.912 Thread 0x000002762e1c0220 DEOPT PACKING pc=0x0000027630e9b5a2 sp=0x00000098caef9b50
Event: 0.912 Thread 0x000002762e1c0220 DEOPT UNPACKING pc=0x00000276383da9e3 sp=0x00000098caef8fb0 mode 0
Event: 0.980 Thread 0x000002762e1c0220 Uncommon trap: trap_request=0xffffff45 fr.pc=0x000002763895cf5c relative=0x0000000000000f3c
Event: 0.980 Thread 0x000002762e1c0220 Uncommon trap: reason=unstable_if action=reinterpret pc=0x000002763895cf5c method=lombok.patcher.PatchScript.classMatches(Ljava/lang/String;Ljava/util/Collection;)Z @ 25 c2
Event: 0.980 Thread 0x000002762e1c0220 DEOPT PACKING pc=0x000002763895cf5c sp=0x00000098caef82f0
Event: 0.980 Thread 0x000002762e1c0220 DEOPT UNPACKING pc=0x00000276383d9ea3 sp=0x00000098caef8258 mode 2
Event: 0.982 Thread 0x000002762e1c0220 DEOPT PACKING pc=0x0000027630ec38c5 sp=0x00000098caef7790
Event: 0.982 Thread 0x000002762e1c0220 DEOPT UNPACKING pc=0x00000276383da9e3 sp=0x00000098caef6c40 mode 0
Event: 0.993 Thread 0x000002762e1c0220 DEOPT PACKING pc=0x0000027630ec38c5 sp=0x00000098caef3b70
Event: 0.993 Thread 0x000002762e1c0220 DEOPT UNPACKING pc=0x00000276383da9e3 sp=0x00000098caef3020 mode 0
Event: 0.997 Thread 0x000002762e1c0220 DEOPT PACKING pc=0x0000027630ec38c5 sp=0x00000098caef3b70
Event: 0.997 Thread 0x000002762e1c0220 DEOPT UNPACKING pc=0x00000276383da9e3 sp=0x00000098caef3020 mode 0
Event: 1.004 Thread 0x000002762e1c0220 DEOPT PACKING pc=0x0000027630ec38c5 sp=0x00000098caef3b70
Event: 1.004 Thread 0x000002762e1c0220 DEOPT UNPACKING pc=0x00000276383da9e3 sp=0x00000098caef3020 mode 0
Event: 1.007 Thread 0x000002762e1c0220 DEOPT PACKING pc=0x0000027630ec38c5 sp=0x00000098caef76a0
Event: 1.007 Thread 0x000002762e1c0220 DEOPT UNPACKING pc=0x00000276383da9e3 sp=0x00000098caef6b50 mode 0

Classes unloaded (0 events):
No events

Classes redefined (0 events):
No events

Internal exceptions (20 events):
Event: 0.556 Thread 0x000002762e1c0220 Exception <a 'java/io/FileNotFoundException'{0x00000000eb8a2c38}> (0x00000000eb8a2c38) 
thrown [s\src\hotspot\share\prims\jni.cpp, line 516]
Event: 0.562 Thread 0x000002762e1c0220 Exception <a 'java/io/FileNotFoundException'{0x00000000eb8dcb70}> (0x00000000eb8dcb70) 
thrown [s\src\hotspot\share\prims\jni.cpp, line 516]
Event: 0.580 Thread 0x000002762e1c0220 Exception <a 'sun/nio/fs/WindowsException'{0x00000000eb914568}> (0x00000000eb914568) 
thrown [s\src\hotspot\share\prims\jni.cpp, line 516]
Event: 0.581 Thread 0x000002762e1c0220 Exception <a 'sun/nio/fs/WindowsException'{0x00000000eb91e9a8}> (0x00000000eb91e9a8) 
thrown [s\src\hotspot\share\prims\jni.cpp, line 516]
Event: 0.581 Thread 0x000002762e1c0220 Exception <a 'sun/nio/fs/WindowsException'{0x00000000eb921e78}> (0x00000000eb921e78) 
thrown [s\src\hotspot\share\prims\jni.cpp, line 516]
Event: 0.581 Thread 0x000002762e1c0220 Exception <a 'sun/nio/fs/WindowsException'{0x00000000eb9225e8}> (0x00000000eb9225e8) 
thrown [s\src\hotspot\share\prims\jni.cpp, line 516]
Event: 0.788 Thread 0x000002762e1c0220 Exception <a 'java/lang/ClassNotFoundException'{0x00000000ec128478}: sun/net/www/protocol/c/Handler> (0x00000000ec128478) 
thrown [s\src\hotspot\share\classfile\systemDictionary.cpp, line 256]
Event: 0.788 Thread 0x000002762e1c0220 Exception <a 'java/lang/ClassNotFoundException'{0x00000000ec1297e0}: sun/net/www/protocol/d/Handler> (0x00000000ec1297e0) 
thrown [s\src\hotspot\share\classfile\systemDictionary.cpp, line 256]
Event: 0.789 Thread 0x000002762e1c0220 Exception <a 'java/lang/ClassNotFoundException'{0x00000000ec12aa80}: sun/net/www/protocol/c/Handler> (0x00000000ec12aa80) 
thrown [s\src\hotspot\share\classfile\systemDictionary.cpp, line 256]
Event: 0.795 Thread 0x000002762e1c0220 Exception <a 'java/io/FileNotFoundException'{0x00000000ec151c68}> (0x00000000ec151c68) 
thrown [s\src\hotspot\share\prims\jni.cpp, line 516]
Event: 0.827 Thread 0x000002762e1c0220 Implicit null exception at 0x000002763897f27b to 0x000002763897fc2c
Event: 0.827 Thread 0x000002762e1c0220 Implicit null exception at 0x00000276389709ec to 0x0000027638970bc8
Event: 0.827 Thread 0x000002762e1c0220 Implicit null exception at 0x00000276389727ec to 0x00000276389729c8
Event: 0.827 Thread 0x000002762e1c0220 Implicit null exception at 0x000002763896780f to 0x0000027638967885
Event: 0.882 Thread 0x000002762e1c0220 Exception <a 'java/lang/NoSuchMethodError'{0x00000000eab247b0}: 'int java.lang.invoke.DirectMethodHandle$Holder.invokeStaticInit(java.lang.Object, java.lang.Object, java.lang.Object, java.lang.Object)'> (0x00000000eab247b0) 
thrown [s\src\hotspot\share\interpreter\linkResolver.cpp, line 759]
Event: 0.883 Thread 0x000002762e1c0220 Exception <a 'java/lang/NoSuchMethodError'{0x00000000eab2ef28}: 'java.lang.Object java.lang.invoke.DirectMethodHandle$Holder.invokeInterface(java.lang.Object, java.lang.Object)'> (0x00000000eab2ef28) 
thrown [s\src\hotspot\share\interpreter\linkResolver.cpp, line 759]
Event: 0.884 Thread 0x000002762e1c0220 Exception <a 'java/lang/IncompatibleClassChangeError'{0x00000000eab32720}: Found class java.lang.Object, but interface was expected> (0x00000000eab32720) 
thrown [s\src\hotspot\share\interpreter\linkResolver.cpp, line 826]
Event: 0.885 Thread 0x000002762e1c0220 Exception <a 'java/lang/NoSuchMethodError'{0x00000000eab36c10}: 'void java.lang.invoke.DirectMethodHandle$Holder.invokeStatic(java.lang.Object, java.lang.Object)'> (0x00000000eab36c10) 
thrown [s\src\hotspot\share\interpreter\linkResolver.cpp, line 759]
Event: 0.885 Thread 0x000002762e1c0220 Exception <a 'java/lang/NoSuchMethodError'{0x00000000eab3a410}: 'void java.lang.invoke.DirectMethodHandle$Holder.invokeStaticInit(java.lang.Object, java.lang.Object)'> (0x00000000eab3a410) 
thrown [s\src\hotspot\share\interpreter\linkResolver.cpp, line 759]
Event: 0.886 Thread 0x000002762e1c0220 Exception <a 'java/lang/NoSuchMethodError'{0x00000000eab41920}: 'int java.lang.invoke.DirectMethodHandle$Holder.invokeStaticInit(java.lang.Object, java.lang.Object)'> (0x00000000eab41920) 
thrown [s\src\hotspot\share\interpreter\linkResolver.cpp, line 759]

VM Operations (14 events):
Event: 0.127 Executing VM operation: HandshakeAllThreads
Event: 0.127 Executing VM operation: HandshakeAllThreads done
Event: 0.202 Executing VM operation: HandshakeAllThreads
Event: 0.202 Executing VM operation: HandshakeAllThreads done
Event: 0.502 Executing VM operation: HandshakeAllThreads
Event: 0.502 Executing VM operation: HandshakeAllThreads done
Event: 0.525 Executing VM operation: HandshakeAllThreads
Event: 0.525 Executing VM operation: HandshakeAllThreads done
Event: 0.764 Executing VM operation: HandshakeAllThreads
Event: 0.764 Executing VM operation: HandshakeAllThreads done
Event: 0.794 Executing VM operation: ICBufferFull
Event: 0.794 Executing VM operation: ICBufferFull done
Event: 0.869 Executing VM operation: ParallelGCFailedAllocation
Event: 0.876 Executing VM operation: ParallelGCFailedAllocation done

Events (20 events):
Event: 0.928 loading class java/util/concurrent/ForkJoinPool$ManagedBlocker done
Event: 0.928 loading class java/util/concurrent/SynchronousQueue$TransferStack$SNode done
Event: 0.929 loading class java/util/concurrent/RejectedExecutionHandler
Event: 0.929 loading class java/util/concurrent/RejectedExecutionHandler done
Event: 0.929 loading class java/util/concurrent/LinkedBlockingQueue
Event: 0.930 loading class java/util/concurrent/LinkedBlockingQueue done
Event: 0.931 loading class java/util/concurrent/LinkedBlockingQueue$Node
Event: 0.931 loading class java/util/concurrent/LinkedBlockingQueue$Node done
Event: 0.942 loading class java/util/concurrent/Semaphore$NonfairSync
Event: 0.942 loading class java/util/concurrent/Semaphore$Sync
Event: 0.943 loading class java/util/concurrent/Semaphore$Sync done
Event: 0.943 loading class java/util/concurrent/Semaphore$NonfairSync done
Event: 0.950 loading class java/lang/reflect/TypeVariable
Event: 0.950 loading class java/lang/reflect/TypeVariable done
Event: 0.951 loading class java/lang/reflect/AnnotatedType
Event: 0.951 loading class java/lang/reflect/AnnotatedType done
Event: 0.953 loading class java/util/ComparableTimSort
Event: 0.953 loading class java/util/ComparableTimSort done
Event: 1.000 loading class java/lang/TypeNotPresentException
Event: 1.000 loading class java/lang/TypeNotPresentException done


Dynamic libraries:
0x00007ff7aac90000 - 0x00007ff7aac9e000 	c:\Users\HYH\.vscode\extensions\redhat.java-1.27.0-win32-x64\jre\17.0.10-win32-x86_64\bin\java.exe
0x00007ffd397f0000 - 0x00007ffd39a07000 	C:\WINDOWS\SYSTEM32\ntdll.dll
0x00007ffd389f0000 - 0x00007ffd38ab4000 	C:\WINDOWS\System32\KERNEL32.DLL
0x00007ffd36dd0000 - 0x00007ffd37175000 	C:\WINDOWS\System32\KERNELBASE.dll
0x00007ffd37180000 - 0x00007ffd37291000 	C:\WINDOWS\System32\ucrtbase.dll
0x00007ffd016c0000 - 0x00007ffd016d7000 	c:\Users\HYH\.vscode\extensions\redhat.java-1.27.0-win32-x64\jre\17.0.10-win32-x86_64\bin\jli.dll
0x00007ffd38ac0000 - 0x00007ffd38c6e000 	C:\WINDOWS\System32\USER32.dll
0x00007ffd372a0000 - 0x00007ffd372c6000 	C:\WINDOWS\System32\win32u.dll
0x00007ffd37670000 - 0x00007ffd37699000 	C:\WINDOWS\System32\GDI32.dll
0x00007ffd17b10000 - 0x00007ffd17b2b000 	c:\Users\HYH\.vscode\extensions\redhat.java-1.27.0-win32-x64\jre\17.0.10-win32-x86_64\bin\VCRUNTIME140.dll
0x00007ffd36b70000 - 0x00007ffd36c88000 	C:\WINDOWS\System32\gdi32full.dll
0x00007ffd374b0000 - 0x00007ffd3754a000 	C:\WINDOWS\System32\msvcp_win.dll
0x00007ffd1e2e0000 - 0x00007ffd1e573000 	C:\WINDOWS\WinSxS\amd64_microsoft.windows.common-controls_6595b64144ccf1df_6.0.23555.1000_none_ef0d66527a998277\COMCTL32.dll
0x00007ffd39000000 - 0x00007ffd390a7000 	C:\WINDOWS\System32\msvcrt.dll
0x00007ffd38e70000 - 0x00007ffd38ea1000 	C:\WINDOWS\System32\IMM32.DLL
0x00007ffd2e610000 - 0x00007ffd2e61c000 	c:\Users\HYH\.vscode\extensions\redhat.java-1.27.0-win32-x64\jre\17.0.10-win32-x86_64\bin\vcruntime140_1.dll
0x00007ffceb6b0000 - 0x00007ffceb73d000 	c:\Users\HYH\.vscode\extensions\redhat.java-1.27.0-win32-x64\jre\17.0.10-win32-x86_64\bin\msvcp140.dll
0x00007ffc984c0000 - 0x00007ffc99122000 	c:\Users\HYH\.vscode\extensions\redhat.java-1.27.0-win32-x64\jre\17.0.10-win32-x86_64\bin\server\jvm.dll
0x00007ffd388c0000 - 0x00007ffd38970000 	C:\WINDOWS\System32\ADVAPI32.dll
0x00007ffd38c70000 - 0x00007ffd38d16000 	C:\WINDOWS\System32\sechost.dll
0x00007ffd37550000 - 0x00007ffd37667000 	C:\WINDOWS\System32\RPCRT4.dll
0x00007ffd359d0000 - 0x00007ffd35a1d000 	C:\WINDOWS\SYSTEM32\POWRPROF.dll
0x00007ffcecb90000 - 0x00007ffcecb99000 	C:\WINDOWS\SYSTEM32\WSOCK32.dll
0x00007ffd37870000 - 0x00007ffd378e1000 	C:\WINDOWS\System32\WS2_32.dll
0x00007ffd1e9d0000 - 0x00007ffd1e9da000 	C:\WINDOWS\SYSTEM32\VERSION.dll
0x00007ffd2a440000 - 0x00007ffd2a474000 	C:\WINDOWS\SYSTEM32\WINMM.dll
0x00007ffd359b0000 - 0x00007ffd359c3000 	C:\WINDOWS\SYSTEM32\UMPDC.dll
0x00007ffd35c00000 - 0x00007ffd35c18000 	C:\WINDOWS\SYSTEM32\kernel.appcore.dll
0x00007ffd1b2f0000 - 0x00007ffd1b2fa000 	c:\Users\HYH\.vscode\extensions\redhat.java-1.27.0-win32-x64\jre\17.0.10-win32-x86_64\bin\jimage.dll
0x00007ffd33b70000 - 0x00007ffd33d9e000 	C:\WINDOWS\SYSTEM32\DBGHELP.DLL
0x00007ffd37a60000 - 0x00007ffd37dea000 	C:\WINDOWS\System32\combase.dll
0x00007ffd38d20000 - 0x00007ffd38df7000 	C:\WINDOWS\System32\OLEAUT32.dll
0x00007ffd13690000 - 0x00007ffd136c2000 	C:\WINDOWS\SYSTEM32\dbgcore.DLL
0x00007ffd36d50000 - 0x00007ffd36dca000 	C:\WINDOWS\System32\bcryptPrimitives.dll
0x00007ffd19b80000 - 0x00007ffd19b8e000 	c:\Users\HYH\.vscode\extensions\redhat.java-1.27.0-win32-x64\jre\17.0.10-win32-x86_64\bin\instrument.dll
0x00007ffcff1c0000 - 0x00007ffcff1e5000 	c:\Users\HYH\.vscode\extensions\redhat.java-1.27.0-win32-x64\jre\17.0.10-win32-x86_64\bin\java.dll
0x00007ffcfd910000 - 0x00007ffcfd928000 	c:\Users\HYH\.vscode\extensions\redhat.java-1.27.0-win32-x64\jre\17.0.10-win32-x86_64\bin\zip.dll
0x00007ffd37ef0000 - 0x00007ffd38743000 	C:\WINDOWS\System32\SHELL32.dll
0x00007ffd34a90000 - 0x00007ffd3539f000 	C:\WINDOWS\SYSTEM32\windows.storage.dll
0x00007ffd34950000 - 0x00007ffd34a8e000 	C:\WINDOWS\SYSTEM32\wintypes.dll
0x00007ffd37950000 - 0x00007ffd37a43000 	C:\WINDOWS\System32\SHCORE.dll
0x00007ffd378f0000 - 0x00007ffd3794e000 	C:\WINDOWS\System32\shlwapi.dll
0x00007ffd36aa0000 - 0x00007ffd36ac6000 	C:\WINDOWS\SYSTEM32\profapi.dll
0x00007ffcfd8f0000 - 0x00007ffcfd909000 	C:\Users\HYH\.vscode\extensions\redhat.java-1.27.0-win32-x64\jre\17.0.10-win32-x86_64\bin\net.dll
0x00007ffd2d8f0000 - 0x00007ffd2da27000 	C:\WINDOWS\SYSTEM32\WINHTTP.dll
0x00007ffd360d0000 - 0x00007ffd36139000 	C:\WINDOWS\system32\mswsock.dll
0x00007ffcfd850000 - 0x00007ffcfd866000 	C:\Users\HYH\.vscode\extensions\redhat.java-1.27.0-win32-x64\jre\17.0.10-win32-x86_64\bin\nio.dll
0x00007ffd19ae0000 - 0x00007ffd19af0000 	c:\Users\HYH\.vscode\extensions\redhat.java-1.27.0-win32-x64\jre\17.0.10-win32-x86_64\bin\verify.dll

dbghelp: loaded successfully - version: 4.0.5 - missing functions: none
symbol engine: initialized successfully - sym options: 0x614 - pdb path: .;c:\Users\HYH\.vscode\extensions\redhat.java-1.27.0-win32-x64\jre\17.0.10-win32-x86_64\bin;C:\WINDOWS\SYSTEM32;C:\WINDOWS\WinSxS\amd64_microsoft.windows.common-controls_6595b64144ccf1df_6.0.23555.1000_none_ef0d66527a998277;c:\Users\HYH\.vscode\extensions\redhat.java-1.27.0-win32-x64\jre\17.0.10-win32-x86_64\bin\server

VM Arguments:
jvm_args: --add-modules=ALL-SYSTEM --add-opens=java.base/java.util=ALL-UNNAMED --add-opens=java.base/java.lang=ALL-UNNAMED --add-opens=java.base/sun.nio.fs=ALL-UNNAMED -Declipse.application=org.eclipse.jdt.ls.core.id1 -Dosgi.bundles.defaultStartLevel=4 -Declipse.product=org.eclipse.jdt.ls.core.product -Djava.import.generatesMetadataFilesAtProjectRoot=false -DDetectVMInstallationsJob.disabled=true -Dfile.encoding=utf8 -XX:+UseParallelGC -XX:GCTimeRatio=4 -XX:AdaptiveSizePolicyWeight=90 -Dsun.zip.disableMemoryMapping=true -Xmx1G -Xms100m -Xlog:disable -javaagent:c:\Users\HYH\.vscode\extensions\redhat.java-1.27.0-win32-x64\lombok\lombok-1.18.31.jar -XX:+HeapDumpOnOutOfMemoryError -XX:HeapDumpPath=c:\Users\HYH\AppData\Roaming\Code\User\workspaceStorage\59a2d48e75f4d897afcf3f5ed67b39ac\redhat.java -Daether.dependencyCollector.impl=bf 
java_command: c:\Users\HYH\.vscode\extensions\redhat.java-1.27.0-win32-x64\server\plugins\org.eclipse.equinox.launcher_1.6.700.v20231214-2017.jar -configuration c:\Users\HYH\AppData\Roaming\Code\User\globalStorage\redhat.java\1.27.0\config_win -data c:\Users\HYH\AppData\Roaming\Code\User\workspaceStorage\59a2d48e75f4d897afcf3f5ed67b39ac\redhat.java\jdt_ws --stdio
java_class_path (initial): c:\Users\HYH\.vscode\extensions\redhat.java-1.27.0-win32-x64\server\plugins\org.eclipse.equinox.launcher_1.6.700.v20231214-2017.jar
Launcher Type: SUN_STANDARD

[Global flags]
    uintx AdaptiveSizePolicyWeight                 = 90                                        {product} {command line}
     intx CICompilerCount                          = 4                                         {product} {ergonomic}
    uintx GCTimeRatio                              = 4                                         {product} {command line}
     bool HeapDumpOnOutOfMemoryError               = true                                   {manageable} {command line}
    ccstr HeapDumpPath                             = c:\Users\HYH\AppData\Roaming\Code\User\workspaceStorage\59a2d48e75f4d897afcf3f5ed67b39ac\redhat.java         {manageable} {command line}
   size_t InitialHeapSize                          = 104857600                                 {product} {command line}
   size_t MaxHeapSize                              = 1073741824                                {product} {command line}
   size_t MaxNewSize                               = 357564416                                 {product} {ergonomic}
   size_t MinHeapDeltaBytes                        = 524288                                    {product} {ergonomic}
   size_t MinHeapSize                              = 104857600                                 {product} {command line}
   size_t NewSize                                  = 34603008                                  {product} {ergonomic}
    uintx NonNMethodCodeHeapSize                   = 5839372                                {pd product} {ergonomic}
    uintx NonProfiledCodeHeapSize                  = 122909434                              {pd product} {ergonomic}
   size_t OldSize                                  = 70254592                                  {product} {ergonomic}
    uintx ProfiledCodeHeapSize                     = 122909434                              {pd product} {ergonomic}
    uintx ReservedCodeCacheSize                    = 251658240                              {pd product} {ergonomic}
     bool SegmentedCodeCache                       = true                                      {product} {ergonomic}
   size_t SoftMaxHeapSize                          = 1073741824                             {manageable} {ergonomic}
     bool UseCompressedClassPointers               = true                           {product lp64_product} {ergonomic}
     bool UseCompressedOops                        = true                           {product lp64_product} {ergonomic}
     bool UseLargePagesIndividualAllocation        = false                                  {pd product} {ergonomic}
     bool UseParallelGC                            = true                                      {product} {command line}

Logging:
Log output configuration:
 #0: stdout all=off uptime,level,tags
 #1: stderr all=off uptime,level,tags

Environment Variables:
JAVA_HOME=D:\Java_JDK\jdk-21
CLASSPATH=.;D:\Java_JDK\jdk-21\lib\rt.jar;D:\Java_JDK\jdk-21\lib\tools.jar
PATH=D:\Ruby32-x64\bin;D:\Program Files\OpenSSH\;D:\Java_JDK\jdk-21\bin;D:\VMware WorkStation\bin\;C:;Program Files\Common Files\Oracle\Java\javapath;C:\Windows\System32\HWAudioDriverLibs;C:\Windows\system32;C:\Windows;C:\Windows\System32\Wbem;C:\Windows\System32\WindowsPowerShell\v1.0\;C:\Windows\System32\OpenSSH\;C:\Windows\system32\config\systemprofile\AppData\Local\Microsoft\WindowsApps;C:\WINDOWS\system32;C:\WINDOWS;C:\WINDOWS\System32\Wbem;C:\WINDOWS\System32\WindowsPowerShell\v1.0\;C:\WINDOWS\System32\OpenSSH\;C:\Program Files\Microsoft SQL Server\Client SDK\ODBC\170\Tools\Binn\;C:\Program Files (x86)\Microsoft SQL Server\150\Tools\Binn\;C:\Program Files\Microsoft SQL Server\150\Tools\Binn\;C:\Program Files\Microsoft SQL Server\150\DTS\Binn\;C:\Program Files\Azure Data Studio\bin;D:\SQL SERVE\sqljdbc_10.2.1.0_chs\mssql-jdbc-10.2.1.jre17.jar;C:\Program Files\dotnet\;D:\mingw64\bin;D:\Git\cmd;D:\yarn\bin\;D:\hadoop-2.7.7\bin;D:\mysql-8.0.33-winx64\bin;D:\apache-hive-2.3.9-bin\bin;";D:\Tomcat\bin;D:\tomcat\lib";D:\nvm;D:\nodejs;D:\微信web开发者工具\dll;D:\Docker\resources\bin;D:\Program Files\dotnet\;D:\Java_JDK\jdk-21\bin;C:\Users\HYH\AppData\Local\Programs\Python\Python310\Scripts\;C:\Users\HYH\AppData\Local\Programs\Python\Python310\;D:\windows虚拟机\bin\;C:\Program Files\Common Files\Oracle\Java\javapath;C:\Windows\System32\HWAudioDriverLibs;C:\Windows\system32;C:\Windows;C:\Windows\System32\Wbem;C:\Windows\System32\WindowsPowerShell\v1.0\;C:\Windows\System32\OpenSSH\;C:\Windows\system32\config\systemprofile\AppData\Local\Microsoft\WindowsApps;C:\WINDOWS\system32;C:\WINDOWS;C:\WINDOWS\System32\Wbem;C:\WINDOWS\System32\WindowsPowerShell\v1.0\;C:\WINDOWS\System32\OpenSSH\;C:\Program Files\Microsoft SQL Server\Client SDK\ODBC\170\Tools\Binn\;C:\Program Files (x86)\Microsoft SQL Server\150\Tools\Binn\;C:\Program Files\Microsoft SQL Server\150\Tools\Binn\;C:\Program Files\Microsoft SQL Server\150\DTS\Binn\;C:\Program Files (x86)\Microsoft SQL Server\150\DTS\Binn\;C:
USERNAME=HYH
OS=Windows_NT
PROCESSOR_IDENTIFIER=Intel64 Family 6 Model 140 Stepping 1, GenuineIntel
TMP=C:\Users\HYH\AppData\Local\Temp
TEMP=C:\Users\HYH\AppData\Local\Temp



Periodic native trim disabled


---------------  S Y S T E M  ---------------

OS:
 Windows 11 , 64 bit Build 23555 (10.0.23555.1000)
OS uptime: 1 days 17:56 hours
Hyper-V role detected

CPU: total 8 (initial active 8) (4 cores per cpu, 2 threads per core) family 6 model 140 stepping 1 microcode 0xa4, cx8, cmov, fxsr, ht, mmx, 3dnowpref, sse, sse2, sse3, ssse3, sse4.1, sse4.2, popcnt, lzcnt, tsc, tscinvbit, avx, avx2, aes, erms, clmul, bmi1, bmi2, adx, avx512f, avx512dq, avx512cd, avx512bw, avx512vl, sha, fma, vzeroupper, avx512_vpopcntdq, avx512_vpclmulqdq, avx512_vaes, avx512_vnni, clflush, clflushopt, clwb, avx512_vbmi2, avx512_vbmi, hv
Processor Information for all 8 processors :
  Max Mhz: 3110, Current Mhz: 3110, Mhz Limit: 3110

Memory: 4k page, system-wide physical 16167M (705M free)
TotalPageFile size 31527M (AvailPageFile size 3M)
current process WorkingSet (physical memory assigned to process): 82M, peak: 82M
current process commit charge ("private bytes"): 203M, peak: 204M

vm_info: OpenJDK 64-Bit Server VM (17.0.10+7) for windows-amd64 JRE (17.0.10+7), built on Jan 16 2024 23:25:11 by "admin" with MS VC++ 16.10 / 16.11 (VS2019)

END.
