#
# There is insufficient memory for the Java Runtime Environment to continue.
# Native memory allocation (malloc) failed to allocate 1048576 bytes for AllocateHeap
# Possible reasons:
#   The system is out of physical RAM or swap space
#   The process is running with CompressedOops enabled, and the Java Heap may be blocking the growth of the native heap
# Possible solutions:
#   Reduce memory load on the system
#   Increase physical memory or swap space
#   Check if swap backing store is full
#   Decrease Java heap size (-Xmx/-Xms)
#   Decrease number of Java threads
#   Decrease Java thread stack sizes (-Xss)
#   Set larger code cache with -XX:ReservedCodeCacheSize=
#   JVM is running with Unscaled Compressed Oops mode in which the Java heap is
#     placed in the first 4GB address space. The Java Heap base address is the
#     maximum limit for the native heap growth. Please use -XX:HeapBaseMinAddress
#     to set the Java Heap base and to place the Java Heap above 4GB virtual address.
# This output file may be truncated or incomplete.
#
#  Out of Memory Error (allocation.cpp:44), pid=25360, tid=25072
#
# JRE version:  (17.0.10+7) (build )
# Java VM: OpenJDK 64-Bit Server VM (17.0.10+7, mixed mode, tiered, compressed oops, compressed class ptrs, parallel gc, windows-amd64)
# No core dump will be written. Minidumps are not enabled by default on client versions of Windows
#

---------------  S U M M A R Y ------------

Command Line: --add-modules=ALL-SYSTEM --add-opens=java.base/java.util=ALL-UNNAMED --add-opens=java.base/java.lang=ALL-UNNAMED --add-opens=java.base/sun.nio.fs=ALL-UNNAMED -Declipse.application=org.eclipse.jdt.ls.core.id1 -Dosgi.bundles.defaultStartLevel=4 -Declipse.product=org.eclipse.jdt.ls.core.product -Djava.import.generatesMetadataFilesAtProjectRoot=false -DDetectVMInstallationsJob.disabled=true -Dfile.encoding=utf8 -XX:+UseParallelGC -XX:GCTimeRatio=4 -XX:AdaptiveSizePolicyWeight=90 -Dsun.zip.disableMemoryMapping=true -Xmx1G -Xms100m -Xlog:disable -javaagent:c:\Users\HYH\.vscode\extensions\redhat.java-1.27.0-win32-x64\lombok\lombok-1.18.31.jar -XX:+HeapDumpOnOutOfMemoryError -XX:HeapDumpPath=c:\Users\HYH\AppData\Roaming\Code\User\workspaceStorage\59a2d48e75f4d897afcf3f5ed67b39ac\redhat.java -Daether.dependencyCollector.impl=bf c:\Users\HYH\.vscode\extensions\redhat.java-1.27.0-win32-x64\server\plugins\org.eclipse.equinox.launcher_1.6.700.v20231214-2017.jar -configuration c:\Users\HYH\AppData\Roaming\Code\User\globalStorage\redhat.java\1.27.0\config_win -data c:\Users\HYH\AppData\Roaming\Code\User\workspaceStorage\59a2d48e75f4d897afcf3f5ed67b39ac\redhat.java\jdt_ws --stdio

Host: 11th Gen Intel(R) Core(TM) i5-11300H @ 3.10GHz, 8 cores, 15G,  Windows 11 , 64 bit Build 23555 (10.0.23555.1000)
Time: Sat Feb 10 15:59:45 2024  Windows 11 , 64 bit Build 23555 (10.0.23555.1000) elapsed time: 0.033630 seconds (0d 0h 0m 0s)

---------------  T H R E A D  ---------------

Current thread (0x000001d0c71bf470):  JavaThread "Unknown thread" [_thread_in_vm, id=25072, stack(0x00000039d3e00000,0x00000039d3f00000)]

Stack: [0x00000039d3e00000,0x00000039d3f00000]
Native frames: (J=compiled Java code, j=interpreted, Vv=VM code, C=native code)
V  [jvm.dll+0x67d2c9]
V  [jvm.dll+0x834afa]
V  [jvm.dll+0x8365be]
V  [jvm.dll+0x836c23]
V  [jvm.dll+0x2477ff]
V  [jvm.dll+0xa6c93]
V  [jvm.dll+0x6afe5a]
V  [jvm.dll+0x6b0b4f]
V  [jvm.dll+0x689a43]
V  [jvm.dll+0x806a7b]
V  [jvm.dll+0x36c774]
V  [jvm.dll+0x7e4e06]
V  [jvm.dll+0x3eff3f]
V  [jvm.dll+0x3f1b71]
C  [jli.dll+0x528f]
C  [ucrtbase.dll+0x29363]
C  [KERNEL32.DLL+0x1257d]
C  [ntdll.dll+0x5aa78]


---------------  P R O C E S S  ---------------

Threads class SMR info:
_java_thread_list=0x00007ffc98feee98, length=0, elements={
}

Java Threads: ( => current thread )

Other Threads:
  0x000001d0c71d6150 GCTaskThread "GC Thread#0" [stack: 0x00000039d3f00000,0x00000039d4000000] [id=4292]

=>0x000001d0c71bf470 (exited) JavaThread "Unknown thread" [_thread_in_vm, id=25072, stack(0x00000039d3e00000,0x00000039d3f00000)]

Threads with active compile tasks:

VM state: not at safepoint (normal execution)

VM Mutex/Monitor currently owned by a thread: None

Heap address: 0x00000000c0000000, size: 1024 MB, Compressed Oops mode: 32-bit

CDS archive(s) not mapped
Compressed class space mapped at: 0x0000000100000000-0x0000000140000000, reserved size: 1073741824
Narrow klass base: 0x0000000000000000, Narrow klass shift: 3, Narrow klass range: 0x140000000

GC Precious Log:
 CPUs: 8 total, 8 available
 Memory: 16167M
 Large Page Support: Disabled
 NUMA Support: Disabled
 Compressed Oops: Enabled (32-bit)
 Alignments: Space 512K, Generation 512K, Heap 2M
 Heap Min Capacity: 100M
 Heap Initial Capacity: 100M
 Heap Max Capacity: 1G
 Pre-touch: Disabled
 Parallel Workers: 8

Heap:
 PSYoungGen      total 29696K, used 512K [0x00000000eab00000, 0x00000000ecc00000, 0x0000000100000000)
  eden space 25600K, 2% used [0x00000000eab00000,0x00000000eab80070,0x00000000ec400000)
  from space 4096K, 0% used [0x00000000ec800000,0x00000000ec800000,0x00000000ecc00000)
  to   space 4096K, 0% used [0x00000000ec400000,0x00000000ec400000,0x00000000ec800000)
 ParOldGen       total 68608K, used 0K [0x00000000c0000000, 0x00000000c4300000, 0x00000000eab00000)
  object space 68608K, 0% used [0x00000000c0000000,0x00000000c0000000,0x00000000c4300000)
 Metaspace       used 1149K, committed 1216K, reserved 1114112K
  class space    used 101K, committed 128K, reserved 1048576K

Card table byte_map: [0x000001d0c6b50000,0x000001d0c6d60000] _byte_map_base: 0x000001d0c6550000

Marking Bits: (ParMarkBitMap*) 0x00007ffc9905d7d0
 Begin Bits: [0x000001d0d8e50000, 0x000001d0d9e50000)
 End Bits:   [0x000001d0d9e50000, 0x000001d0dae50000)

Polling page: 0x000001d0c5180000

Metaspace:

Usage:
  Non-class:      1.02 MB used.
      Class:    101.05 KB used.
       Both:      1.12 MB used.

Virtual space:
  Non-class space:       64.00 MB reserved,       1.06 MB (  2%) committed,  1 nodes.
      Class space:        1.00 GB reserved,     128.00 KB ( <1%) committed,  1 nodes.
             Both:        1.06 GB reserved,       1.19 MB ( <1%) committed. 

Chunk freelists:
   Non-Class:  12.00 MB
       Class:  15.75 MB
        Both:  27.75 MB

MaxMetaspaceSize: unlimited
CompressedClassSpaceSize: 1.00 GB
Initial GC threshold: 21.00 MB
Current GC threshold: 17179869184.00 GB
CDS: off
MetaspaceReclaimPolicy: balanced
 - commit_granule_bytes: 65536.
 - commit_granule_words: 8192.
 - virtual_space_node_default_size: 8388608.
 - enlarge_chunks_in_place: 1.
 - new_chunks_are_fully_committed: 0.
 - uncommit_free_chunks: 1.
 - use_allocation_guard: 0.
 - handle_deallocations: 1.


Internal statistics:

num_allocs_failed_limit: 0.
num_arena_births: 2.
num_arena_deaths: 0.
num_vsnodes_births: 2.
num_vsnodes_deaths: 0.
num_space_committed: 19.
num_space_uncommitted: 0.
num_chunks_returned_to_freelist: 0.
num_chunks_taken_from_freelist: 3.
num_chunk_merges: 0.
num_chunk_splits: 2.
num_chunks_enlarged: 0.
num_inconsistent_stats: 0.

CodeHeap 'non-profiled nmethods': size=120000Kb used=0Kb max_used=0Kb free=120000Kb
 bounds [0x000001d0d1920000, 0x000001d0d1b90000, 0x000001d0d8e50000]
CodeHeap 'profiled nmethods': size=120000Kb used=0Kb max_used=0Kb free=120000Kb
 bounds [0x000001d0c9e50000, 0x000001d0ca0c0000, 0x000001d0d1380000]
CodeHeap 'non-nmethods': size=5760Kb used=208Kb max_used=360Kb free=5551Kb
 bounds [0x000001d0d1380000, 0x000001d0d15f0000, 0x000001d0d1920000]
 total_blobs=66 nmethods=0 adapters=47
 compilation: enabled
              stopped_count=0, restarted_count=0
 full_count=0

Compilation events (0 events):
No events

GC Heap History (0 events):
No events

Dll operation events (1 events):
Event: 0.011 Loaded shared library c:\Users\HYH\.vscode\extensions\redhat.java-1.27.0-win32-x64\jre\17.0.10-win32-x86_64\bin\java.dll

Deoptimization events (0 events):
No events

Classes unloaded (0 events):
No events

Classes redefined (0 events):
No events

Internal exceptions (0 events):
No events

VM Operations (0 events):
No events

Events (20 events):
Event: 0.028 loading class java/lang/Long
Event: 0.028 loading class java/lang/Long done
Event: 0.028 loading class java/util/Iterator
Event: 0.028 loading class java/util/Iterator done
Event: 0.028 loading class java/lang/reflect/RecordComponent
Event: 0.028 loading class java/lang/reflect/RecordComponent done
Event: 0.028 loading class jdk/internal/vm/vector/VectorSupport
Event: 0.028 loading class jdk/internal/vm/vector/VectorSupport done
Event: 0.028 loading class jdk/internal/vm/vector/VectorSupport$VectorPayload
Event: 0.028 loading class jdk/internal/vm/vector/VectorSupport$VectorPayload done
Event: 0.028 loading class jdk/internal/vm/vector/VectorSupport$Vector
Event: 0.028 loading class jdk/internal/vm/vector/VectorSupport$Vector done
Event: 0.028 loading class jdk/internal/vm/vector/VectorSupport$VectorMask
Event: 0.028 loading class jdk/internal/vm/vector/VectorSupport$VectorMask done
Event: 0.028 loading class jdk/internal/vm/vector/VectorSupport$VectorShuffle
Event: 0.029 loading class jdk/internal/vm/vector/VectorSupport$VectorShuffle done
Event: 0.031 loading class java/lang/NullPointerException
Event: 0.031 loading class java/lang/NullPointerException done
Event: 0.031 loading class java/lang/ArithmeticException
Event: 0.031 loading class java/lang/ArithmeticException done


Dynamic libraries:
0x00007ff7aac90000 - 0x00007ff7aac9e000 	c:\Users\HYH\.vscode\extensions\redhat.java-1.27.0-win32-x64\jre\17.0.10-win32-x86_64\bin\java.exe
0x00007ffd397f0000 - 0x00007ffd39a07000 	C:\WINDOWS\SYSTEM32\ntdll.dll
0x00007ffd389f0000 - 0x00007ffd38ab4000 	C:\WINDOWS\System32\KERNEL32.DLL
0x00007ffd36dd0000 - 0x00007ffd37175000 	C:\WINDOWS\System32\KERNELBASE.dll
0x00007ffd37180000 - 0x00007ffd37291000 	C:\WINDOWS\System32\ucrtbase.dll
0x00007ffd016c0000 - 0x00007ffd016d7000 	c:\Users\HYH\.vscode\extensions\redhat.java-1.27.0-win32-x64\jre\17.0.10-win32-x86_64\bin\jli.dll
0x00007ffd17b10000 - 0x00007ffd17b2b000 	c:\Users\HYH\.vscode\extensions\redhat.java-1.27.0-win32-x64\jre\17.0.10-win32-x86_64\bin\VCRUNTIME140.dll
0x00007ffd38ac0000 - 0x00007ffd38c6e000 	C:\WINDOWS\System32\USER32.dll
0x00007ffd372a0000 - 0x00007ffd372c6000 	C:\WINDOWS\System32\win32u.dll
0x00007ffd1e2e0000 - 0x00007ffd1e573000 	C:\WINDOWS\WinSxS\amd64_microsoft.windows.common-controls_6595b64144ccf1df_6.0.23555.1000_none_ef0d66527a998277\COMCTL32.dll
0x00007ffd37670000 - 0x00007ffd37699000 	C:\WINDOWS\System32\GDI32.dll
0x00007ffd39000000 - 0x00007ffd390a7000 	C:\WINDOWS\System32\msvcrt.dll
0x00007ffd36b70000 - 0x00007ffd36c88000 	C:\WINDOWS\System32\gdi32full.dll
0x00007ffd374b0000 - 0x00007ffd3754a000 	C:\WINDOWS\System32\msvcp_win.dll
0x00007ffd38e70000 - 0x00007ffd38ea1000 	C:\WINDOWS\System32\IMM32.DLL
0x00007ffd2e610000 - 0x00007ffd2e61c000 	c:\Users\HYH\.vscode\extensions\redhat.java-1.27.0-win32-x64\jre\17.0.10-win32-x86_64\bin\vcruntime140_1.dll
0x00007ffceb6b0000 - 0x00007ffceb73d000 	c:\Users\HYH\.vscode\extensions\redhat.java-1.27.0-win32-x64\jre\17.0.10-win32-x86_64\bin\msvcp140.dll
0x00007ffc984c0000 - 0x00007ffc99122000 	c:\Users\HYH\.vscode\extensions\redhat.java-1.27.0-win32-x64\jre\17.0.10-win32-x86_64\bin\server\jvm.dll
0x00007ffd388c0000 - 0x00007ffd38970000 	C:\WINDOWS\System32\ADVAPI32.dll
0x00007ffd38c70000 - 0x00007ffd38d16000 	C:\WINDOWS\System32\sechost.dll
0x00007ffd37550000 - 0x00007ffd37667000 	C:\WINDOWS\System32\RPCRT4.dll
0x00007ffcecb90000 - 0x00007ffcecb99000 	C:\WINDOWS\SYSTEM32\WSOCK32.dll
0x00007ffd37870000 - 0x00007ffd378e1000 	C:\WINDOWS\System32\WS2_32.dll
0x00007ffd1e9d0000 - 0x00007ffd1e9da000 	C:\WINDOWS\SYSTEM32\VERSION.dll
0x00007ffd359d0000 - 0x00007ffd35a1d000 	C:\WINDOWS\SYSTEM32\POWRPROF.dll
0x00007ffd2a440000 - 0x00007ffd2a474000 	C:\WINDOWS\SYSTEM32\WINMM.dll
0x00007ffd359b0000 - 0x00007ffd359c3000 	C:\WINDOWS\SYSTEM32\UMPDC.dll
0x00007ffd35c00000 - 0x00007ffd35c18000 	C:\WINDOWS\SYSTEM32\kernel.appcore.dll
0x00007ffd1b2f0000 - 0x00007ffd1b2fa000 	c:\Users\HYH\.vscode\extensions\redhat.java-1.27.0-win32-x64\jre\17.0.10-win32-x86_64\bin\jimage.dll
0x00007ffd33b70000 - 0x00007ffd33d9e000 	C:\WINDOWS\SYSTEM32\DBGHELP.DLL
0x00007ffd37a60000 - 0x00007ffd37dea000 	C:\WINDOWS\System32\combase.dll
0x00007ffd38d20000 - 0x00007ffd38df7000 	C:\WINDOWS\System32\OLEAUT32.dll
0x00007ffd13690000 - 0x00007ffd136c2000 	C:\WINDOWS\SYSTEM32\dbgcore.DLL
0x00007ffd36d50000 - 0x00007ffd36dca000 	C:\WINDOWS\System32\bcryptPrimitives.dll
0x00007ffd19b80000 - 0x00007ffd19b8e000 	c:\Users\HYH\.vscode\extensions\redhat.java-1.27.0-win32-x64\jre\17.0.10-win32-x86_64\bin\instrument.dll
0x00007ffcff1c0000 - 0x00007ffcff1e5000 	c:\Users\HYH\.vscode\extensions\redhat.java-1.27.0-win32-x64\jre\17.0.10-win32-x86_64\bin\java.dll
0x00007ffcfd910000 - 0x00007ffcfd928000 	c:\Users\HYH\.vscode\extensions\redhat.java-1.27.0-win32-x64\jre\17.0.10-win32-x86_64\bin\zip.dll

dbghelp: loaded successfully - version: 4.0.5 - missing functions: none
symbol engine: initialized successfully - sym options: 0x614 - pdb path: .;c:\Users\HYH\.vscode\extensions\redhat.java-1.27.0-win32-x64\jre\17.0.10-win32-x86_64\bin;C:\WINDOWS\SYSTEM32;C:\WINDOWS\WinSxS\amd64_microsoft.windows.common-controls_6595b64144ccf1df_6.0.23555.1000_none_ef0d66527a998277;c:\Users\HYH\.vscode\extensions\redhat.java-1.27.0-win32-x64\jre\17.0.10-win32-x86_64\bin\server

VM Arguments:
jvm_args: --add-modules=ALL-SYSTEM --add-opens=java.base/java.util=ALL-UNNAMED --add-opens=java.base/java.lang=ALL-UNNAMED --add-opens=java.base/sun.nio.fs=ALL-UNNAMED -Declipse.application=org.eclipse.jdt.ls.core.id1 -Dosgi.bundles.defaultStartLevel=4 -Declipse.product=org.eclipse.jdt.ls.core.product -Djava.import.generatesMetadataFilesAtProjectRoot=false -DDetectVMInstallationsJob.disabled=true -Dfile.encoding=utf8 -XX:+UseParallelGC -XX:GCTimeRatio=4 -XX:AdaptiveSizePolicyWeight=90 -Dsun.zip.disableMemoryMapping=true -Xmx1G -Xms100m -Xlog:disable -javaagent:c:\Users\HYH\.vscode\extensions\redhat.java-1.27.0-win32-x64\lombok\lombok-1.18.31.jar -XX:+HeapDumpOnOutOfMemoryError -XX:HeapDumpPath=c:\Users\HYH\AppData\Roaming\Code\User\workspaceStorage\59a2d48e75f4d897afcf3f5ed67b39ac\redhat.java -Daether.dependencyCollector.impl=bf 
java_command: c:\Users\HYH\.vscode\extensions\redhat.java-1.27.0-win32-x64\server\plugins\org.eclipse.equinox.launcher_1.6.700.v20231214-2017.jar -configuration c:\Users\HYH\AppData\Roaming\Code\User\globalStorage\redhat.java\1.27.0\config_win -data c:\Users\HYH\AppData\Roaming\Code\User\workspaceStorage\59a2d48e75f4d897afcf3f5ed67b39ac\redhat.java\jdt_ws --stdio
java_class_path (initial): c:\Users\HYH\.vscode\extensions\redhat.java-1.27.0-win32-x64\server\plugins\org.eclipse.equinox.launcher_1.6.700.v20231214-2017.jar
Launcher Type: SUN_STANDARD

[Global flags]
    uintx AdaptiveSizePolicyWeight                 = 90                                        {product} {command line}
     intx CICompilerCount                          = 4                                         {product} {ergonomic}
    uintx GCTimeRatio                              = 4                                         {product} {command line}
     bool HeapDumpOnOutOfMemoryError               = true                                   {manageable} {command line}
    ccstr HeapDumpPath                             = c:\Users\HYH\AppData\Roaming\Code\User\workspaceStorage\59a2d48e75f4d897afcf3f5ed67b39ac\redhat.java         {manageable} {command line}
   size_t InitialHeapSize                          = 104857600                                 {product} {command line}
   size_t MaxHeapSize                              = 1073741824                                {product} {command line}
   size_t MaxNewSize                               = 357564416                                 {product} {ergonomic}
   size_t MinHeapDeltaBytes                        = 524288                                    {product} {ergonomic}
   size_t MinHeapSize                              = 104857600                                 {product} {command line}
   size_t NewSize                                  = 34603008                                  {product} {ergonomic}
    uintx NonNMethodCodeHeapSize                   = 5839372                                {pd product} {ergonomic}
    uintx NonProfiledCodeHeapSize                  = 122909434                              {pd product} {ergonomic}
   size_t OldSize                                  = 70254592                                  {product} {ergonomic}
    uintx ProfiledCodeHeapSize                     = 122909434                              {pd product} {ergonomic}
    uintx ReservedCodeCacheSize                    = 251658240                              {pd product} {ergonomic}
     bool SegmentedCodeCache                       = true                                      {product} {ergonomic}
   size_t SoftMaxHeapSize                          = 1073741824                             {manageable} {ergonomic}
     bool UseCompressedClassPointers               = true                           {product lp64_product} {ergonomic}
     bool UseCompressedOops                        = true                           {product lp64_product} {ergonomic}
     bool UseLargePagesIndividualAllocation        = false                                  {pd product} {ergonomic}
     bool UseParallelGC                            = true                                      {product} {command line}

Logging:
Log output configuration:
 #0: stdout all=off uptime,level,tags
 #1: stderr all=off uptime,level,tags

Environment Variables:
JAVA_HOME=D:\Java_JDK\jdk-21
CLASSPATH=.;D:\Java_JDK\jdk-21\lib\rt.jar;D:\Java_JDK\jdk-21\lib\tools.jar
PATH=D:\Ruby32-x64\bin;D:\Program Files\OpenSSH\;D:\Java_JDK\jdk-21\bin;D:\VMware WorkStation\bin\;C:;Program Files\Common Files\Oracle\Java\javapath;C:\Windows\System32\HWAudioDriverLibs;C:\Windows\system32;C:\Windows;C:\Windows\System32\Wbem;C:\Windows\System32\WindowsPowerShell\v1.0\;C:\Windows\System32\OpenSSH\;C:\Windows\system32\config\systemprofile\AppData\Local\Microsoft\WindowsApps;C:\WINDOWS\system32;C:\WINDOWS;C:\WINDOWS\System32\Wbem;C:\WINDOWS\System32\WindowsPowerShell\v1.0\;C:\WINDOWS\System32\OpenSSH\;C:\Program Files\Microsoft SQL Server\Client SDK\ODBC\170\Tools\Binn\;C:\Program Files (x86)\Microsoft SQL Server\150\Tools\Binn\;C:\Program Files\Microsoft SQL Server\150\Tools\Binn\;C:\Program Files\Microsoft SQL Server\150\DTS\Binn\;C:\Program Files\Azure Data Studio\bin;D:\SQL SERVE\sqljdbc_10.2.1.0_chs\mssql-jdbc-10.2.1.jre17.jar;C:\Program Files\dotnet\;D:\mingw64\bin;D:\Git\cmd;D:\yarn\bin\;D:\hadoop-2.7.7\bin;D:\mysql-8.0.33-winx64\bin;D:\apache-hive-2.3.9-bin\bin;";D:\Tomcat\bin;D:\tomcat\lib";D:\nvm;D:\nodejs;D:\微信web开发者工具\dll;D:\Docker\resources\bin;D:\Program Files\dotnet\;D:\Java_JDK\jdk-21\bin;C:\Users\HYH\AppData\Local\Programs\Python\Python310\Scripts\;C:\Users\HYH\AppData\Local\Programs\Python\Python310\;D:\windows虚拟机\bin\;C:\Program Files\Common Files\Oracle\Java\javapath;C:\Windows\System32\HWAudioDriverLibs;C:\Windows\system32;C:\Windows;C:\Windows\System32\Wbem;C:\Windows\System32\WindowsPowerShell\v1.0\;C:\Windows\System32\OpenSSH\;C:\Windows\system32\config\systemprofile\AppData\Local\Microsoft\WindowsApps;C:\WINDOWS\system32;C:\WINDOWS;C:\WINDOWS\System32\Wbem;C:\WINDOWS\System32\WindowsPowerShell\v1.0\;C:\WINDOWS\System32\OpenSSH\;C:\Program Files\Microsoft SQL Server\Client SDK\ODBC\170\Tools\Binn\;C:\Program Files (x86)\Microsoft SQL Server\150\Tools\Binn\;C:\Program Files\Microsoft SQL Server\150\Tools\Binn\;C:\Program Files\Microsoft SQL Server\150\DTS\Binn\;C:\Program Files (x86)\Microsoft SQL Server\150\DTS\Binn\;C:
USERNAME=HYH
OS=Windows_NT
PROCESSOR_IDENTIFIER=Intel64 Family 6 Model 140 Stepping 1, GenuineIntel
TMP=C:\Users\HYH\AppData\Local\Temp
TEMP=C:\Users\HYH\AppData\Local\Temp



Periodic native trim disabled


---------------  S Y S T E M  ---------------

OS:
 Windows 11 , 64 bit Build 23555 (10.0.23555.1000)
OS uptime: 1 days 17:56 hours
Hyper-V role detected

CPU: total 8 (initial active 8) (4 cores per cpu, 2 threads per core) family 6 model 140 stepping 1 microcode 0xa4, cx8, cmov, fxsr, ht, mmx, 3dnowpref, sse, sse2, sse3, ssse3, sse4.1, sse4.2, popcnt, lzcnt, tsc, tscinvbit, avx, avx2, aes, erms, clmul, bmi1, bmi2, adx, avx512f, avx512dq, avx512cd, avx512bw, avx512vl, sha, fma, vzeroupper, avx512_vpopcntdq, avx512_vpclmulqdq, avx512_vaes, avx512_vnni, clflush, clflushopt, clwb, avx512_vbmi2, avx512_vbmi, hv
Processor Information for all 8 processors :
  Max Mhz: 3110, Current Mhz: 3110, Mhz Limit: 3110

Memory: 4k page, system-wide physical 16167M (748M free)
TotalPageFile size 31527M (AvailPageFile size 164M)
current process WorkingSet (physical memory assigned to process): 16M, peak: 16M
current process commit charge ("private bytes"): 148M, peak: 149M

vm_info: OpenJDK 64-Bit Server VM (17.0.10+7) for windows-amd64 JRE (17.0.10+7), built on Jan 16 2024 23:25:11 by "admin" with MS VC++ 16.10 / 16.11 (VS2019)

END.
