#
# There is insufficient memory for the Java Runtime Environment to continue.
# Native memory allocation (malloc) failed to allocate 571664 bytes for Chunk::new
# Possible reasons:
#   The system is out of physical RAM or swap space
#   The process is running with CompressedOops enabled, and the Java Heap may be blocking the growth of the native heap
# Possible solutions:
#   Reduce memory load on the system
#   Increase physical memory or swap space
#   Check if swap backing store is full
#   Decrease Java heap size (-Xmx/-Xms)
#   Decrease number of Java threads
#   Decrease Java thread stack sizes (-Xss)
#   Set larger code cache with -XX:ReservedCodeCacheSize=
#   JVM is running with Unscaled Compressed Oops mode in which the Java heap is
#     placed in the first 4GB address space. The Java Heap base address is the
#     maximum limit for the native heap growth. Please use -XX:HeapBaseMinAddress
#     to set the Java Heap base and to place the Java Heap above 4GB virtual address.
# This output file may be truncated or incomplete.
#
#  Out of Memory Error (arena.cpp:191), pid=13936, tid=25036
#
# JRE version: OpenJDK Runtime Environment Temurin-17.0.10+7 (17.0.10+7) (build 17.0.10+7)
# Java VM: OpenJDK 64-Bit Server VM Temurin-17.0.10+7 (17.0.10+7, mixed mode, tiered, compressed oops, compressed class ptrs, parallel gc, windows-amd64)
# No core dump will be written. Minidumps are not enabled by default on client versions of Windows
#

---------------  S U M M A R Y ------------

Command Line: --add-modules=ALL-SYSTEM --add-opens=java.base/java.util=ALL-UNNAMED --add-opens=java.base/java.lang=ALL-UNNAMED --add-opens=java.base/sun.nio.fs=ALL-UNNAMED -Declipse.application=org.eclipse.jdt.ls.core.id1 -Dosgi.bundles.defaultStartLevel=4 -Declipse.product=org.eclipse.jdt.ls.core.product -Djava.import.generatesMetadataFilesAtProjectRoot=false -DDetectVMInstallationsJob.disabled=true -Dfile.encoding=utf8 -XX:+UseParallelGC -XX:GCTimeRatio=4 -XX:AdaptiveSizePolicyWeight=90 -Dsun.zip.disableMemoryMapping=true -Xmx1G -Xms100m -Xlog:disable -javaagent:c:\Users\HYH\.vscode\extensions\redhat.java-1.27.0-win32-x64\lombok\lombok-1.18.31.jar c:\Users\HYH\.vscode\extensions\redhat.java-1.27.0-win32-x64\server\plugins\org.eclipse.equinox.launcher_1.6.700.v20231214-2017.jar -configuration c:\Users\HYH\AppData\Roaming\Code\User\globalStorage\redhat.java\1.27.0\config_ss_win -data c:\Users\HYH\AppData\Roaming\Code\User\workspaceStorage\59a2d48e75f4d897afcf3f5ed67b39ac\redhat.java\ss_ws --stdio

Host: 11th Gen Intel(R) Core(TM) i5-11300H @ 3.10GHz, 8 cores, 15G,  Windows 11 , 64 bit Build 23555 (10.0.23555.1000)
Time: Sat Feb 10 15:59:46 2024  Windows 11 , 64 bit Build 23555 (10.0.23555.1000) elapsed time: 0.882661 seconds (0d 0h 0m 0s)

---------------  T H R E A D  ---------------

Current thread (0x0000025eb0a1cad0):  JavaThread "C2 CompilerThread0" daemon [_thread_in_native, id=25036, stack(0x000000cde8700000,0x000000cde8800000)]


Current CompileTask:
C2:    882  800   !   4       java.util.jar.Attributes::read (498 bytes)

Stack: [0x000000cde8700000,0x000000cde8800000]
Native frames: (J=compiled Java code, j=interpreted, Vv=VM code, C=native code)
V  [jvm.dll+0x67d2c9]
V  [jvm.dll+0x834afa]
V  [jvm.dll+0x8365be]
V  [jvm.dll+0x836c23]
V  [jvm.dll+0x2477ff]
V  [jvm.dll+0xac514]
V  [jvm.dll+0xacb5c]
V  [jvm.dll+0x3667d7]
V  [jvm.dll+0x1bcd86]
V  [jvm.dll+0x21a049]
V  [jvm.dll+0x219311]
V  [jvm.dll+0x1a502d]
V  [jvm.dll+0x2290de]
V  [jvm.dll+0x2272ac]
V  [jvm.dll+0x7e9bb7]
V  [jvm.dll+0x7e3fba]
V  [jvm.dll+0x67c1b5]
C  [ucrtbase.dll+0x29363]
C  [KERNEL32.DLL+0x1257d]
C  [ntdll.dll+0x5aa78]


---------------  P R O C E S S  ---------------

Threads class SMR info:
_java_thread_list=0x0000025eb1a8d240, length=14, elements={
0x0000025e9786e3e0, 0x0000025eab6fd0f0, 0x0000025eb09c57c0, 0x0000025eb09d72e0,
0x0000025eb09d7bb0, 0x0000025eb09d8c20, 0x0000025eb0a19720, 0x0000025eb0a1cad0,
0x0000025eb0a21820, 0x0000025eb0a2a900, 0x0000025eb0b07490, 0x0000025eb0bb1000,
0x0000025eb1962390, 0x0000025eb1a8d7c0
}

Java Threads: ( => current thread )
  0x0000025e9786e3e0 JavaThread "main" [_thread_in_native, id=25548, stack(0x000000cde7e00000,0x000000cde7f00000)]
  0x0000025eab6fd0f0 JavaThread "Reference Handler" daemon [_thread_blocked, id=11952, stack(0x000000cde8100000,0x000000cde8200000)]
  0x0000025eb09c57c0 JavaThread "Finalizer" daemon [_thread_blocked, id=23888, stack(0x000000cde8200000,0x000000cde8300000)]
  0x0000025eb09d72e0 JavaThread "Signal Dispatcher" daemon [_thread_blocked, id=14080, stack(0x000000cde8300000,0x000000cde8400000)]
  0x0000025eb09d7bb0 JavaThread "Attach Listener" daemon [_thread_blocked, id=22864, stack(0x000000cde8400000,0x000000cde8500000)]
  0x0000025eb09d8c20 JavaThread "Service Thread" daemon [_thread_blocked, id=22704, stack(0x000000cde8500000,0x000000cde8600000)]
  0x0000025eb0a19720 JavaThread "Monitor Deflation Thread" daemon [_thread_blocked, id=20840, stack(0x000000cde8600000,0x000000cde8700000)]
=>0x0000025eb0a1cad0 JavaThread "C2 CompilerThread0" daemon [_thread_in_native, id=25036, stack(0x000000cde8700000,0x000000cde8800000)]
  0x0000025eb0a21820 JavaThread "C1 CompilerThread0" daemon [_thread_blocked, id=26164, stack(0x000000cde8800000,0x000000cde8900000)]
  0x0000025eb0a2a900 JavaThread "Sweeper thread" daemon [_thread_blocked, id=26244, stack(0x000000cde8900000,0x000000cde8a00000)]
  0x0000025eb0b07490 JavaThread "Common-Cleaner" daemon [_thread_blocked, id=3148, stack(0x000000cde8a00000,0x000000cde8b00000)]
  0x0000025eb0bb1000 JavaThread "C2 CompilerThread1" daemon [_thread_blocked, id=26560, stack(0x000000cde8b00000,0x000000cde8c00000)]
  0x0000025eb1962390 JavaThread "Notification Thread" daemon [_thread_blocked, id=26564, stack(0x000000cde8c00000,0x000000cde8d00000)]
  0x0000025eb1a8d7c0 JavaThread "C2 CompilerThread2" daemon [_thread_blocked, id=11564, stack(0x000000cde8e00000,0x000000cde8f00000)]

Other Threads:
  0x0000025eb09b0c20 VMThread "VM Thread" [stack: 0x000000cde8000000,0x000000cde8100000] [id=1460]
  0x0000025eb0d83a10 WatcherThread [stack: 0x000000cde8d00000,0x000000cde8e00000] [id=8964]
  0x0000025e97884e50 GCTaskThread "GC Thread#0" [stack: 0x000000cde7f00000,0x000000cde8000000] [id=12008]

Threads with active compile tasks:
C2 CompilerThread0      899  800   !   4       java.util.jar.Attributes::read (498 bytes)

VM state: not at safepoint (normal execution)

VM Mutex/Monitor currently owned by a thread: None

OutOfMemory and StackOverflow Exception counts:
OutOfMemoryError java_heap_errors=1
LinkageErrors=2

Heap address: 0x00000000c0000000, size: 1024 MB, Compressed Oops mode: 32-bit

CDS archive(s) not mapped
Compressed class space mapped at: 0x0000000100000000-0x0000000140000000, reserved size: 1073741824
Narrow klass base: 0x0000000000000000, Narrow klass shift: 3, Narrow klass range: 0x140000000

GC Precious Log:
 CPUs: 8 total, 8 available
 Memory: 16167M
 Large Page Support: Disabled
 NUMA Support: Disabled
 Compressed Oops: Enabled (32-bit)
 Alignments: Space 512K, Generation 512K, Heap 2M
 Heap Min Capacity: 100M
 Heap Initial Capacity: 100M
 Heap Max Capacity: 1G
 Pre-touch: Disabled
 Parallel Workers: 8

Heap:
 PSYoungGen      total 29696K, used 23262K [0x00000000eab00000, 0x00000000ecc00000, 0x0000000100000000)
  eden space 25600K, 90% used [0x00000000eab00000,0x00000000ec1b79e8,0x00000000ec400000)
  from space 4096K, 0% used [0x00000000ec800000,0x00000000ec800000,0x00000000ecc00000)
  to   space 4096K, 0% used [0x00000000ec400000,0x00000000ec400000,0x00000000ec800000)
 ParOldGen       total 68608K, used 0K [0x00000000c0000000, 0x00000000c4300000, 0x00000000eab00000)
  object space 68608K, 0% used [0x00000000c0000000,0x00000000c0000000,0x00000000c4300000)
 Metaspace       used 10464K, committed 10624K, reserved 1114112K
  class space    used 1044K, committed 1152K, reserved 1048576K

Card table byte_map: [0x0000025e97200000,0x0000025e97410000] _byte_map_base: 0x0000025e96c00000

Marking Bits: (ParMarkBitMap*) 0x00007ffc9905d7d0
 Begin Bits: [0x0000025ea9500000, 0x0000025eaa500000)
 End Bits:   [0x0000025eaa500000, 0x0000025eab500000)

Polling page: 0x0000025e95830000

Metaspace:

Usage:
  Non-class:      9.20 MB used.
      Class:      1.02 MB used.
       Both:     10.22 MB used.

Virtual space:
  Non-class space:       64.00 MB reserved,       9.25 MB ( 14%) committed,  1 nodes.
      Class space:        1.00 GB reserved,       1.12 MB ( <1%) committed,  1 nodes.
             Both:        1.06 GB reserved,      10.38 MB ( <1%) committed. 

Chunk freelists:
   Non-Class:  6.56 MB
       Class:  14.73 MB
        Both:  21.30 MB

MaxMetaspaceSize: unlimited
CompressedClassSpaceSize: 1.00 GB
Initial GC threshold: 21.00 MB
Current GC threshold: 21.00 MB
CDS: off
MetaspaceReclaimPolicy: balanced
 - commit_granule_bytes: 65536.
 - commit_granule_words: 8192.
 - virtual_space_node_default_size: 8388608.
 - enlarge_chunks_in_place: 1.
 - new_chunks_are_fully_committed: 0.
 - uncommit_free_chunks: 1.
 - use_allocation_guard: 0.
 - handle_deallocations: 1.


Internal statistics:

num_allocs_failed_limit: 0.
num_arena_births: 14.
num_arena_deaths: 0.
num_vsnodes_births: 2.
num_vsnodes_deaths: 0.
num_space_committed: 166.
num_space_uncommitted: 0.
num_chunks_returned_to_freelist: 0.
num_chunks_taken_from_freelist: 73.
num_chunk_merges: 0.
num_chunk_splits: 44.
num_chunks_enlarged: 37.
num_inconsistent_stats: 0.

CodeHeap 'non-profiled nmethods': size=120000Kb used=348Kb max_used=348Kb free=119651Kb
 bounds [0x0000025ea1fd0000, 0x0000025ea2240000, 0x0000025ea9500000]
CodeHeap 'profiled nmethods': size=120000Kb used=1405Kb max_used=1405Kb free=118594Kb
 bounds [0x0000025e9a500000, 0x0000025e9a770000, 0x0000025ea1a30000]
CodeHeap 'non-nmethods': size=5760Kb used=1155Kb max_used=1171Kb free=4604Kb
 bounds [0x0000025ea1a30000, 0x0000025ea1ca0000, 0x0000025ea1fd0000]
 total_blobs=1297 nmethods=859 adapters=353
 compilation: enabled
              stopped_count=0, restarted_count=0
 full_count=0

Compilation events (20 events):
Event: 0.856 Thread 0x0000025eb0a21820  844       3       java.util.AbstractCollection::addAll (42 bytes)
Event: 0.857 Thread 0x0000025eb0a21820 nmethod 844 0x0000025e9a658290 code [0x0000025e9a658480, 0x0000025e9a658998]
Event: 0.859 Thread 0x0000025eb0a21820  845       1       java.security.CodeSource::getLocationNoFragString (5 bytes)
Event: 0.859 Thread 0x0000025eb0a21820 nmethod 845 0x0000025ea2023a90 code [0x0000025ea2023c20, 0x0000025ea2023cf8]
Event: 0.867 Thread 0x0000025eb0a21820  846       3       java.util.ArrayDeque::elementAt (4 bytes)
Event: 0.867 Thread 0x0000025eb0a21820 nmethod 846 0x0000025e9a658b10 code [0x0000025e9a658ca0, 0x0000025e9a658db8]
Event: 0.868 Thread 0x0000025eb1a8d7c0 nmethod 841 0x0000025ea2023d90 code [0x0000025ea2023fc0, 0x0000025ea2024b10]
Event: 0.868 Thread 0x0000025eb0bb1000 nmethod 829 0x0000025ea2025290 code [0x0000025ea2025440, 0x0000025ea20261d8]
Event: 0.869 Thread 0x0000025eb0a21820  847       3       java.util.ArrayList::toArray (57 bytes)
Event: 0.869 Thread 0x0000025eb0a21820 nmethod 847 0x0000025e9a658e90 code [0x0000025e9a659060, 0x0000025e9a659558]
Event: 0.871 Thread 0x0000025eb0a21820  848       3       java.util.ArrayDeque::pollFirst (36 bytes)
Event: 0.871 Thread 0x0000025eb0a21820 nmethod 848 0x0000025e9a659690 code [0x0000025e9a659840, 0x0000025e9a659bf8]
Event: 0.874 Thread 0x0000025eb0a21820  849       3       java.lang.ThreadLocal::getMap (5 bytes)
Event: 0.874 Thread 0x0000025eb0a21820 nmethod 849 0x0000025e9a659d90 code [0x0000025e9a659f20, 0x0000025e9a65a038]
Event: 0.875 Thread 0x0000025eb0a21820  850       3       java.lang.reflect.Modifier::isPublic (12 bytes)
Event: 0.875 Thread 0x0000025eb0a21820 nmethod 850 0x0000025e9a65a110 code [0x0000025e9a65a2a0, 0x0000025e9a65a3f8]
Event: 0.876 Thread 0x0000025eb0a21820  851       3       java.lang.String::startsWith (138 bytes)
Event: 0.877 Thread 0x0000025eb0a21820 nmethod 851 0x0000025e9a65a490 code [0x0000025e9a65a6a0, 0x0000025e9a65af38]
Event: 0.879 Thread 0x0000025eb0a21820  852   !   3       jdk.internal.loader.BuiltinClassLoader::loadClassOrNull (143 bytes)
Event: 0.880 Thread 0x0000025eb0a21820 nmethod 852 0x0000025e9a65b210 code [0x0000025e9a65b540, 0x0000025e9a65ca38]

GC Heap History (0 events):
No events

Dll operation events (8 events):
Event: 0.007 Loaded shared library c:\Users\HYH\.vscode\extensions\redhat.java-1.27.0-win32-x64\jre\17.0.10-win32-x86_64\bin\java.dll
Event: 0.159 Loaded shared library c:\Users\HYH\.vscode\extensions\redhat.java-1.27.0-win32-x64\jre\17.0.10-win32-x86_64\bin\zip.dll
Event: 0.168 Loaded shared library C:\Users\HYH\.vscode\extensions\redhat.java-1.27.0-win32-x64\jre\17.0.10-win32-x86_64\bin\instrument.dll
Event: 0.208 Loaded shared library C:\Users\HYH\.vscode\extensions\redhat.java-1.27.0-win32-x64\jre\17.0.10-win32-x86_64\bin\net.dll
Event: 0.239 Loaded shared library C:\Users\HYH\.vscode\extensions\redhat.java-1.27.0-win32-x64\jre\17.0.10-win32-x86_64\bin\nio.dll
Event: 0.245 Loaded shared library C:\Users\HYH\.vscode\extensions\redhat.java-1.27.0-win32-x64\jre\17.0.10-win32-x86_64\bin\zip.dll
Event: 0.263 Loaded shared library C:\Users\HYH\.vscode\extensions\redhat.java-1.27.0-win32-x64\jre\17.0.10-win32-x86_64\bin\jimage.dll
Event: 0.352 Loaded shared library c:\Users\HYH\.vscode\extensions\redhat.java-1.27.0-win32-x64\jre\17.0.10-win32-x86_64\bin\verify.dll

Deoptimization events (20 events):
Event: 0.855 Thread 0x0000025e9786e3e0 Uncommon trap: trap_request=0xffffffde fr.pc=0x0000025ea2014090 relative=0x00000000000009d0
Event: 0.855 Thread 0x0000025e9786e3e0 Uncommon trap: reason=class_check action=maybe_recompile pc=0x0000025ea2014090 method=java.util.HashMap.putVal(ILjava/lang/Object;Ljava/lang/Object;ZZ)Ljava/lang/Object; @ 203 c2
Event: 0.855 Thread 0x0000025e9786e3e0 DEOPT PACKING pc=0x0000025ea2014090 sp=0x000000cde7efdcd0
Event: 0.855 Thread 0x0000025e9786e3e0 DEOPT UNPACKING pc=0x0000025ea1a89ea3 sp=0x000000cde7efdbe8 mode 2
Event: 0.855 Thread 0x0000025e9786e3e0 Uncommon trap: trap_request=0xffffffde fr.pc=0x0000025ea2014090 relative=0x00000000000009d0
Event: 0.855 Thread 0x0000025e9786e3e0 Uncommon trap: reason=class_check action=maybe_recompile pc=0x0000025ea2014090 method=java.util.HashMap.putVal(ILjava/lang/Object;Ljava/lang/Object;ZZ)Ljava/lang/Object; @ 203 c2
Event: 0.855 Thread 0x0000025e9786e3e0 DEOPT PACKING pc=0x0000025ea2014090 sp=0x000000cde7efdcd0
Event: 0.855 Thread 0x0000025e9786e3e0 DEOPT UNPACKING pc=0x0000025ea1a89ea3 sp=0x000000cde7efdbe8 mode 2
Event: 0.855 Thread 0x0000025e9786e3e0 Uncommon trap: trap_request=0xffffffde fr.pc=0x0000025ea2014090 relative=0x00000000000009d0
Event: 0.855 Thread 0x0000025e9786e3e0 Uncommon trap: reason=class_check action=maybe_recompile pc=0x0000025ea2014090 method=java.util.HashMap.putVal(ILjava/lang/Object;Ljava/lang/Object;ZZ)Ljava/lang/Object; @ 203 c2
Event: 0.855 Thread 0x0000025e9786e3e0 DEOPT PACKING pc=0x0000025ea2014090 sp=0x000000cde7efdcd0
Event: 0.855 Thread 0x0000025e9786e3e0 DEOPT UNPACKING pc=0x0000025ea1a89ea3 sp=0x000000cde7efdbe8 mode 2
Event: 0.874 Thread 0x0000025e9786e3e0 Uncommon trap: trap_request=0xffffff45 fr.pc=0x0000025ea2023534 relative=0x0000000000000194
Event: 0.874 Thread 0x0000025e9786e3e0 Uncommon trap: reason=unstable_if action=reinterpret pc=0x0000025ea2023534 method=java.lang.String.startsWith(Ljava/lang/String;I)Z @ 50 c2
Event: 0.874 Thread 0x0000025e9786e3e0 DEOPT PACKING pc=0x0000025ea2023534 sp=0x000000cde7efe3d0
Event: 0.874 Thread 0x0000025e9786e3e0 DEOPT UNPACKING pc=0x0000025ea1a89ea3 sp=0x000000cde7efe330 mode 2
Event: 0.875 Thread 0x0000025e9786e3e0 Uncommon trap: trap_request=0xffffff45 fr.pc=0x0000025ea1ff7a80 relative=0x0000000000000460
Event: 0.875 Thread 0x0000025e9786e3e0 Uncommon trap: reason=unstable_if action=reinterpret pc=0x0000025ea1ff7a80 method=java.lang.String.replace(CC)Ljava/lang/String; @ 9 c2
Event: 0.875 Thread 0x0000025e9786e3e0 DEOPT PACKING pc=0x0000025ea1ff7a80 sp=0x000000cde7efe310
Event: 0.875 Thread 0x0000025e9786e3e0 DEOPT UNPACKING pc=0x0000025ea1a89ea3 sp=0x000000cde7efe2c8 mode 2

Classes unloaded (0 events):
No events

Classes redefined (0 events):
No events

Internal exceptions (15 events):
Event: 0.140 Thread 0x0000025e9786e3e0 Exception <a 'java/lang/NoSuchMethodError'{0x00000000eac55c18}: 'void java.lang.invoke.DirectMethodHandle$Holder.invokeStatic(java.lang.Object, java.lang.Object, java.lang.Object)'> (0x00000000eac55c18) 
thrown [s\src\hotspot\share\interpreter\linkResolver.cpp, line 759]
Event: 0.378 Thread 0x0000025e9786e3e0 Exception <a 'java/lang/reflect/InvocationTargetException'{0x00000000eb025a48}> (0x00000000eb025a48) 
thrown [s\src\hotspot\share\runtime\reflection.cpp, line 1121]
Event: 0.598 Thread 0x0000025e9786e3e0 Exception <a 'java/lang/ClassNotFoundException'{0x00000000eb888360}: sun/net/www/protocol/c/Handler> (0x00000000eb888360) 
thrown [s\src\hotspot\share\classfile\systemDictionary.cpp, line 256]
Event: 0.612 Thread 0x0000025e9786e3e0 Exception <a 'java/io/FileNotFoundException'{0x00000000eb89ff88}> (0x00000000eb89ff88) 
thrown [s\src\hotspot\share\prims\jni.cpp, line 516]
Event: 0.613 Thread 0x0000025e9786e3e0 Exception <a 'java/io/FileNotFoundException'{0x00000000eb8a0f20}> (0x00000000eb8a0f20) 
thrown [s\src\hotspot\share\prims\jni.cpp, line 516]
Event: 0.613 Thread 0x0000025e9786e3e0 Exception <a 'java/io/FileNotFoundException'{0x00000000eb8a1ea8}> (0x00000000eb8a1ea8) 
thrown [s\src\hotspot\share\prims\jni.cpp, line 516]
Event: 0.613 Thread 0x0000025e9786e3e0 Exception <a 'java/io/FileNotFoundException'{0x00000000eb8a2e08}> (0x00000000eb8a2e08) 
thrown [s\src\hotspot\share\prims\jni.cpp, line 516]
Event: 0.619 Thread 0x0000025e9786e3e0 Exception <a 'java/io/FileNotFoundException'{0x00000000eb8ddbc8}> (0x00000000eb8ddbc8) 
thrown [s\src\hotspot\share\prims\jni.cpp, line 516]
Event: 0.664 Thread 0x0000025e9786e3e0 Exception <a 'sun/nio/fs/WindowsException'{0x00000000eb9152c8}> (0x00000000eb9152c8) 
thrown [s\src\hotspot\share\prims\jni.cpp, line 516]
Event: 0.665 Thread 0x0000025e9786e3e0 Exception <a 'sun/nio/fs/WindowsException'{0x00000000eb91f718}> (0x00000000eb91f718) 
thrown [s\src\hotspot\share\prims\jni.cpp, line 516]
Event: 0.665 Thread 0x0000025e9786e3e0 Exception <a 'sun/nio/fs/WindowsException'{0x00000000eb922bf8}> (0x00000000eb922bf8) 
thrown [s\src\hotspot\share\prims\jni.cpp, line 516]
Event: 0.665 Thread 0x0000025e9786e3e0 Exception <a 'sun/nio/fs/WindowsException'{0x00000000eb923370}> (0x00000000eb923370) 
thrown [s\src\hotspot\share\prims\jni.cpp, line 516]
Event: 0.874 Thread 0x0000025e9786e3e0 Exception <a 'java/lang/ClassNotFoundException'{0x00000000ec129818}: sun/net/www/protocol/c/Handler> (0x00000000ec129818) 
thrown [s\src\hotspot\share\classfile\systemDictionary.cpp, line 256]
Event: 0.875 Thread 0x0000025e9786e3e0 Exception <a 'java/lang/ClassNotFoundException'{0x00000000ec12ab80}: sun/net/www/protocol/d/Handler> (0x00000000ec12ab80) 
thrown [s\src\hotspot\share\classfile\systemDictionary.cpp, line 256]
Event: 0.875 Thread 0x0000025e9786e3e0 Exception <a 'java/lang/ClassNotFoundException'{0x00000000ec12be20}: sun/net/www/protocol/c/Handler> (0x00000000ec12be20) 
thrown [s\src\hotspot\share\classfile\systemDictionary.cpp, line 256]

VM Operations (10 events):
Event: 0.144 Executing VM operation: HandshakeAllThreads
Event: 0.144 Executing VM operation: HandshakeAllThreads done
Event: 0.279 Executing VM operation: HandshakeAllThreads
Event: 0.279 Executing VM operation: HandshakeAllThreads done
Event: 0.579 Executing VM operation: HandshakeAllThreads
Event: 0.579 Executing VM operation: HandshakeAllThreads done
Event: 0.591 Executing VM operation: HandshakeAllThreads
Event: 0.591 Executing VM operation: HandshakeAllThreads done
Event: 0.875 Executing VM operation: ICBufferFull
Event: 0.875 Executing VM operation: ICBufferFull done

Events (20 events):
Event: 0.849 loading class java/io/BufferedReader
Event: 0.849 loading class java/io/BufferedReader done
Event: 0.850 loading class sun/nio/cs/StreamDecoder
Event: 0.851 loading class sun/nio/cs/StreamDecoder done
Event: 0.851 loading class sun/nio/cs/UTF_8$Decoder
Event: 0.851 loading class sun/nio/cs/UTF_8$Decoder done
Event: 0.869 loading class java/util/Random
Event: 0.869 loading class java/util/random/RandomGenerator
Event: 0.870 loading class java/util/random/RandomGenerator done
Event: 0.870 loading class java/util/Random done
Event: 0.870 loading class java/util/UUID
Event: 0.870 loading class java/util/UUID done
Event: 0.870 loading class java/util/concurrent/atomic/AtomicBoolean
Event: 0.870 loading class java/util/concurrent/atomic/AtomicBoolean done
Event: 0.870 loading class java/lang/invoke/VarHandleInts$FieldInstanceReadWrite
Event: 0.870 loading class java/lang/invoke/VarHandleInts$FieldInstanceReadOnly
Event: 0.870 loading class java/lang/invoke/VarHandleInts$FieldInstanceReadOnly done
Event: 0.870 loading class java/lang/invoke/VarHandleInts$FieldInstanceReadWrite done
Event: 0.879 loading class java/nio/file/FileVisitor
Event: 0.879 loading class java/nio/file/FileVisitor done


Dynamic libraries:
0x00007ff7aac90000 - 0x00007ff7aac9e000 	c:\Users\HYH\.vscode\extensions\redhat.java-1.27.0-win32-x64\jre\17.0.10-win32-x86_64\bin\java.exe
0x00007ffd397f0000 - 0x00007ffd39a07000 	C:\WINDOWS\SYSTEM32\ntdll.dll
0x00007ffd389f0000 - 0x00007ffd38ab4000 	C:\WINDOWS\System32\KERNEL32.DLL
0x00007ffd36dd0000 - 0x00007ffd37175000 	C:\WINDOWS\System32\KERNELBASE.dll
0x00007ffd37180000 - 0x00007ffd37291000 	C:\WINDOWS\System32\ucrtbase.dll
0x00007ffd17b10000 - 0x00007ffd17b2b000 	c:\Users\HYH\.vscode\extensions\redhat.java-1.27.0-win32-x64\jre\17.0.10-win32-x86_64\bin\VCRUNTIME140.dll
0x00007ffd016c0000 - 0x00007ffd016d7000 	c:\Users\HYH\.vscode\extensions\redhat.java-1.27.0-win32-x64\jre\17.0.10-win32-x86_64\bin\jli.dll
0x00007ffd38ac0000 - 0x00007ffd38c6e000 	C:\WINDOWS\System32\USER32.dll
0x00007ffd1e2e0000 - 0x00007ffd1e573000 	C:\WINDOWS\WinSxS\amd64_microsoft.windows.common-controls_6595b64144ccf1df_6.0.23555.1000_none_ef0d66527a998277\COMCTL32.dll
0x00007ffd372a0000 - 0x00007ffd372c6000 	C:\WINDOWS\System32\win32u.dll
0x00007ffd39000000 - 0x00007ffd390a7000 	C:\WINDOWS\System32\msvcrt.dll
0x00007ffd37670000 - 0x00007ffd37699000 	C:\WINDOWS\System32\GDI32.dll
0x00007ffd36b70000 - 0x00007ffd36c88000 	C:\WINDOWS\System32\gdi32full.dll
0x00007ffd374b0000 - 0x00007ffd3754a000 	C:\WINDOWS\System32\msvcp_win.dll
0x00007ffd38e70000 - 0x00007ffd38ea1000 	C:\WINDOWS\System32\IMM32.DLL
0x00007ffd2e610000 - 0x00007ffd2e61c000 	c:\Users\HYH\.vscode\extensions\redhat.java-1.27.0-win32-x64\jre\17.0.10-win32-x86_64\bin\vcruntime140_1.dll
0x00007ffceb6b0000 - 0x00007ffceb73d000 	c:\Users\HYH\.vscode\extensions\redhat.java-1.27.0-win32-x64\jre\17.0.10-win32-x86_64\bin\msvcp140.dll
0x00007ffc984c0000 - 0x00007ffc99122000 	c:\Users\HYH\.vscode\extensions\redhat.java-1.27.0-win32-x64\jre\17.0.10-win32-x86_64\bin\server\jvm.dll
0x00007ffd388c0000 - 0x00007ffd38970000 	C:\WINDOWS\System32\ADVAPI32.dll
0x00007ffd38c70000 - 0x00007ffd38d16000 	C:\WINDOWS\System32\sechost.dll
0x00007ffd37550000 - 0x00007ffd37667000 	C:\WINDOWS\System32\RPCRT4.dll
0x00007ffcecb90000 - 0x00007ffcecb99000 	C:\WINDOWS\SYSTEM32\WSOCK32.dll
0x00007ffd37870000 - 0x00007ffd378e1000 	C:\WINDOWS\System32\WS2_32.dll
0x00007ffd359d0000 - 0x00007ffd35a1d000 	C:\WINDOWS\SYSTEM32\POWRPROF.dll
0x00007ffd2a440000 - 0x00007ffd2a474000 	C:\WINDOWS\SYSTEM32\WINMM.dll
0x00007ffd1e9d0000 - 0x00007ffd1e9da000 	C:\WINDOWS\SYSTEM32\VERSION.dll
0x00007ffd359b0000 - 0x00007ffd359c3000 	C:\WINDOWS\SYSTEM32\UMPDC.dll
0x00007ffd35c00000 - 0x00007ffd35c18000 	C:\WINDOWS\SYSTEM32\kernel.appcore.dll
0x00007ffd1b2f0000 - 0x00007ffd1b2fa000 	c:\Users\HYH\.vscode\extensions\redhat.java-1.27.0-win32-x64\jre\17.0.10-win32-x86_64\bin\jimage.dll
0x00007ffd33b70000 - 0x00007ffd33d9e000 	C:\WINDOWS\SYSTEM32\DBGHELP.DLL
0x00007ffd37a60000 - 0x00007ffd37dea000 	C:\WINDOWS\System32\combase.dll
0x00007ffd38d20000 - 0x00007ffd38df7000 	C:\WINDOWS\System32\OLEAUT32.dll
0x00007ffd13690000 - 0x00007ffd136c2000 	C:\WINDOWS\SYSTEM32\dbgcore.DLL
0x00007ffd36d50000 - 0x00007ffd36dca000 	C:\WINDOWS\System32\bcryptPrimitives.dll
0x00007ffd19b80000 - 0x00007ffd19b8e000 	c:\Users\HYH\.vscode\extensions\redhat.java-1.27.0-win32-x64\jre\17.0.10-win32-x86_64\bin\instrument.dll
0x00007ffcff1c0000 - 0x00007ffcff1e5000 	c:\Users\HYH\.vscode\extensions\redhat.java-1.27.0-win32-x64\jre\17.0.10-win32-x86_64\bin\java.dll
0x00007ffcfd910000 - 0x00007ffcfd928000 	c:\Users\HYH\.vscode\extensions\redhat.java-1.27.0-win32-x64\jre\17.0.10-win32-x86_64\bin\zip.dll
0x00007ffd37ef0000 - 0x00007ffd38743000 	C:\WINDOWS\System32\SHELL32.dll
0x00007ffd34a90000 - 0x00007ffd3539f000 	C:\WINDOWS\SYSTEM32\windows.storage.dll
0x00007ffd34950000 - 0x00007ffd34a8e000 	C:\WINDOWS\SYSTEM32\wintypes.dll
0x00007ffd37950000 - 0x00007ffd37a43000 	C:\WINDOWS\System32\SHCORE.dll
0x00007ffd378f0000 - 0x00007ffd3794e000 	C:\WINDOWS\System32\shlwapi.dll
0x00007ffd36aa0000 - 0x00007ffd36ac6000 	C:\WINDOWS\SYSTEM32\profapi.dll
0x00007ffcfd8f0000 - 0x00007ffcfd909000 	C:\Users\HYH\.vscode\extensions\redhat.java-1.27.0-win32-x64\jre\17.0.10-win32-x86_64\bin\net.dll
0x00007ffd2d8f0000 - 0x00007ffd2da27000 	C:\WINDOWS\SYSTEM32\WINHTTP.dll
0x00007ffd360d0000 - 0x00007ffd36139000 	C:\WINDOWS\system32\mswsock.dll
0x00007ffcfd850000 - 0x00007ffcfd866000 	C:\Users\HYH\.vscode\extensions\redhat.java-1.27.0-win32-x64\jre\17.0.10-win32-x86_64\bin\nio.dll
0x00007ffd19ae0000 - 0x00007ffd19af0000 	c:\Users\HYH\.vscode\extensions\redhat.java-1.27.0-win32-x64\jre\17.0.10-win32-x86_64\bin\verify.dll

dbghelp: loaded successfully - version: 4.0.5 - missing functions: none
symbol engine: initialized successfully - sym options: 0x614 - pdb path: .;c:\Users\HYH\.vscode\extensions\redhat.java-1.27.0-win32-x64\jre\17.0.10-win32-x86_64\bin;C:\WINDOWS\SYSTEM32;C:\WINDOWS\WinSxS\amd64_microsoft.windows.common-controls_6595b64144ccf1df_6.0.23555.1000_none_ef0d66527a998277;c:\Users\HYH\.vscode\extensions\redhat.java-1.27.0-win32-x64\jre\17.0.10-win32-x86_64\bin\server

VM Arguments:
jvm_args: --add-modules=ALL-SYSTEM --add-opens=java.base/java.util=ALL-UNNAMED --add-opens=java.base/java.lang=ALL-UNNAMED --add-opens=java.base/sun.nio.fs=ALL-UNNAMED -Declipse.application=org.eclipse.jdt.ls.core.id1 -Dosgi.bundles.defaultStartLevel=4 -Declipse.product=org.eclipse.jdt.ls.core.product -Djava.import.generatesMetadataFilesAtProjectRoot=false -DDetectVMInstallationsJob.disabled=true -Dfile.encoding=utf8 -XX:+UseParallelGC -XX:GCTimeRatio=4 -XX:AdaptiveSizePolicyWeight=90 -Dsun.zip.disableMemoryMapping=true -Xmx1G -Xms100m -Xlog:disable -javaagent:c:\Users\HYH\.vscode\extensions\redhat.java-1.27.0-win32-x64\lombok\lombok-1.18.31.jar 
java_command: c:\Users\HYH\.vscode\extensions\redhat.java-1.27.0-win32-x64\server\plugins\org.eclipse.equinox.launcher_1.6.700.v20231214-2017.jar -configuration c:\Users\HYH\AppData\Roaming\Code\User\globalStorage\redhat.java\1.27.0\config_ss_win -data c:\Users\HYH\AppData\Roaming\Code\User\workspaceStorage\59a2d48e75f4d897afcf3f5ed67b39ac\redhat.java\ss_ws --stdio
java_class_path (initial): c:\Users\HYH\.vscode\extensions\redhat.java-1.27.0-win32-x64\server\plugins\org.eclipse.equinox.launcher_1.6.700.v20231214-2017.jar
Launcher Type: SUN_STANDARD

[Global flags]
    uintx AdaptiveSizePolicyWeight                 = 90                                        {product} {command line}
     intx CICompilerCount                          = 4                                         {product} {ergonomic}
    uintx GCTimeRatio                              = 4                                         {product} {command line}
   size_t InitialHeapSize                          = 104857600                                 {product} {command line}
   size_t MaxHeapSize                              = 1073741824                                {product} {command line}
   size_t MaxNewSize                               = 357564416                                 {product} {ergonomic}
   size_t MinHeapDeltaBytes                        = 524288                                    {product} {ergonomic}
   size_t MinHeapSize                              = 104857600                                 {product} {command line}
   size_t NewSize                                  = 34603008                                  {product} {ergonomic}
    uintx NonNMethodCodeHeapSize                   = 5839372                                {pd product} {ergonomic}
    uintx NonProfiledCodeHeapSize                  = 122909434                              {pd product} {ergonomic}
   size_t OldSize                                  = 70254592                                  {product} {ergonomic}
    uintx ProfiledCodeHeapSize                     = 122909434                              {pd product} {ergonomic}
    uintx ReservedCodeCacheSize                    = 251658240                              {pd product} {ergonomic}
     bool SegmentedCodeCache                       = true                                      {product} {ergonomic}
   size_t SoftMaxHeapSize                          = 1073741824                             {manageable} {ergonomic}
     bool UseCompressedClassPointers               = true                           {product lp64_product} {ergonomic}
     bool UseCompressedOops                        = true                           {product lp64_product} {ergonomic}
     bool UseLargePagesIndividualAllocation        = false                                  {pd product} {ergonomic}
     bool UseParallelGC                            = true                                      {product} {command line}

Logging:
Log output configuration:
 #0: stdout all=off uptime,level,tags
 #1: stderr all=off uptime,level,tags

Environment Variables:
JAVA_HOME=D:\Java_JDK\jdk-21
CLASSPATH=.;D:\Java_JDK\jdk-21\lib\rt.jar;D:\Java_JDK\jdk-21\lib\tools.jar
PATH=D:\Ruby32-x64\bin;D:\Program Files\OpenSSH\;D:\Java_JDK\jdk-21\bin;D:\VMware WorkStation\bin\;C:;Program Files\Common Files\Oracle\Java\javapath;C:\Windows\System32\HWAudioDriverLibs;C:\Windows\system32;C:\Windows;C:\Windows\System32\Wbem;C:\Windows\System32\WindowsPowerShell\v1.0\;C:\Windows\System32\OpenSSH\;C:\Windows\system32\config\systemprofile\AppData\Local\Microsoft\WindowsApps;C:\WINDOWS\system32;C:\WINDOWS;C:\WINDOWS\System32\Wbem;C:\WINDOWS\System32\WindowsPowerShell\v1.0\;C:\WINDOWS\System32\OpenSSH\;C:\Program Files\Microsoft SQL Server\Client SDK\ODBC\170\Tools\Binn\;C:\Program Files (x86)\Microsoft SQL Server\150\Tools\Binn\;C:\Program Files\Microsoft SQL Server\150\Tools\Binn\;C:\Program Files\Microsoft SQL Server\150\DTS\Binn\;C:\Program Files\Azure Data Studio\bin;D:\SQL SERVE\sqljdbc_10.2.1.0_chs\mssql-jdbc-10.2.1.jre17.jar;C:\Program Files\dotnet\;D:\mingw64\bin;D:\Git\cmd;D:\yarn\bin\;D:\hadoop-2.7.7\bin;D:\mysql-8.0.33-winx64\bin;D:\apache-hive-2.3.9-bin\bin;";D:\Tomcat\bin;D:\tomcat\lib";D:\nvm;D:\nodejs;D:\微信web开发者工具\dll;D:\Docker\resources\bin;D:\Program Files\dotnet\;D:\Java_JDK\jdk-21\bin;C:\Users\HYH\AppData\Local\Programs\Python\Python310\Scripts\;C:\Users\HYH\AppData\Local\Programs\Python\Python310\;D:\windows虚拟机\bin\;C:\Program Files\Common Files\Oracle\Java\javapath;C:\Windows\System32\HWAudioDriverLibs;C:\Windows\system32;C:\Windows;C:\Windows\System32\Wbem;C:\Windows\System32\WindowsPowerShell\v1.0\;C:\Windows\System32\OpenSSH\;C:\Windows\system32\config\systemprofile\AppData\Local\Microsoft\WindowsApps;C:\WINDOWS\system32;C:\WINDOWS;C:\WINDOWS\System32\Wbem;C:\WINDOWS\System32\WindowsPowerShell\v1.0\;C:\WINDOWS\System32\OpenSSH\;C:\Program Files\Microsoft SQL Server\Client SDK\ODBC\170\Tools\Binn\;C:\Program Files (x86)\Microsoft SQL Server\150\Tools\Binn\;C:\Program Files\Microsoft SQL Server\150\Tools\Binn\;C:\Program Files\Microsoft SQL Server\150\DTS\Binn\;C:\Program Files (x86)\Microsoft SQL Server\150\DTS\Binn\;C:
USERNAME=HYH
OS=Windows_NT
PROCESSOR_IDENTIFIER=Intel64 Family 6 Model 140 Stepping 1, GenuineIntel
TMP=C:\Users\HYH\AppData\Local\Temp
TEMP=C:\Users\HYH\AppData\Local\Temp



Periodic native trim disabled


---------------  S Y S T E M  ---------------

OS:
 Windows 11 , 64 bit Build 23555 (10.0.23555.1000)
OS uptime: 1 days 17:56 hours
Hyper-V role detected

CPU: total 8 (initial active 8) (4 cores per cpu, 2 threads per core) family 6 model 140 stepping 1 microcode 0xa4, cx8, cmov, fxsr, ht, mmx, 3dnowpref, sse, sse2, sse3, ssse3, sse4.1, sse4.2, popcnt, lzcnt, tsc, tscinvbit, avx, avx2, aes, erms, clmul, bmi1, bmi2, adx, avx512f, avx512dq, avx512cd, avx512bw, avx512vl, sha, fma, vzeroupper, avx512_vpopcntdq, avx512_vpclmulqdq, avx512_vaes, avx512_vnni, clflush, clflushopt, clwb, avx512_vbmi2, avx512_vbmi, hv
Processor Information for all 8 processors :
  Max Mhz: 3110, Current Mhz: 3110, Mhz Limit: 3110

Memory: 4k page, system-wide physical 16167M (697M free)
TotalPageFile size 31527M (AvailPageFile size 0M)
current process WorkingSet (physical memory assigned to process): 72M, peak: 72M
current process commit charge ("private bytes"): 201M, peak: 201M

vm_info: OpenJDK 64-Bit Server VM (17.0.10+7) for windows-amd64 JRE (17.0.10+7), built on Jan 16 2024 23:25:11 by "admin" with MS VC++ 16.10 / 16.11 (VS2019)

END.
